This is pdfTeX, Version 3.14159265-2.6-1.40.19 (TeX Live 2018/W32TeX) (preloaded format=pdflatex 2023.1.11)  28 JUN 2023 02:31
entering extended mode
 restricted \write18 enabled.
 %&-line parsing enabled.
**Hartshorne_AG.tex
(./Hartshorne_AG.tex
LaTeX2e <2018-04-01> patch level 2
Babel <3.18> and hyphenation patterns for 5 language(s) loaded.
(c:/texlive/2018/texmf-dist/tex/latex/base/book.cls
Document Class: book 2014/09/29 v1.4h Standard LaTeX document class
(c:/texlive/2018/texmf-dist/tex/latex/base/bk10.clo
File: bk10.clo 2014/09/29 v1.4h Standard LaTeX file (size option)
)
\c@part=\count80
\c@chapter=\count81
\c@section=\count82
\c@subsection=\count83
\c@subsubsection=\count84
\c@paragraph=\count85
\c@subparagraph=\count86
\c@figure=\count87
\c@table=\count88
\abovecaptionskip=\skip41
\belowcaptionskip=\skip42
\bibindent=\dimen102
)
(c:/texlive/2018/texmf-dist/tex/latex/base/latexsym.sty
Package: latexsym 1998/08/17 v2.2e Standard LaTeX package (lasy symbols)
\symlasy=\mathgroup4
LaTeX Font Info:    Overwriting symbol font `lasy' in version `bold'
(Font)                  U/lasy/m/n --> U/lasy/b/n on input line 52.
)
(c:/texlive/2018/texmf-dist/tex/latex/amsfonts/amssymb.sty
Package: amssymb 2013/01/14 v3.01 AMS font symbols

(c:/texlive/2018/texmf-dist/tex/latex/amsfonts/amsfonts.sty
Package: amsfonts 2013/01/14 v3.01 Basic AMSFonts support
\@emptytoks=\toks14
\symAMSa=\mathgroup5
\symAMSb=\mathgroup6
LaTeX Font Info:    Overwriting math alphabet `\mathfrak' in version `bold'
(Font)                  U/euf/m/n --> U/euf/b/n on input line 106.
))
(c:/texlive/2018/texmf-dist/tex/latex/amsmath/amsmath.sty
Package: amsmath 2017/09/02 v2.17a AMS math features
\@mathmargin=\skip43

For additional information on amsmath, use the `?' option.
(c:/texlive/2018/texmf-dist/tex/latex/amsmath/amstext.sty
Package: amstext 2000/06/29 v2.01 AMS text

(c:/texlive/2018/texmf-dist/tex/latex/amsmath/amsgen.sty
File: amsgen.sty 1999/11/30 v2.0 generic functions
\@emptytoks=\toks15
\ex@=\dimen103
))
(c:/texlive/2018/texmf-dist/tex/latex/amsmath/amsbsy.sty
Package: amsbsy 1999/11/29 v1.2d Bold Symbols
\pmbraise@=\dimen104
)
(c:/texlive/2018/texmf-dist/tex/latex/amsmath/amsopn.sty
Package: amsopn 2016/03/08 v2.02 operator names
)
\inf@bad=\count89
LaTeX Info: Redefining \frac on input line 213.
\uproot@=\count90
\leftroot@=\count91
LaTeX Info: Redefining \overline on input line 375.
\classnum@=\count92
\DOTSCASE@=\count93
LaTeX Info: Redefining \ldots on input line 472.
LaTeX Info: Redefining \dots on input line 475.
LaTeX Info: Redefining \cdots on input line 596.
\Mathstrutbox@=\box26
\strutbox@=\box27
\big@size=\dimen105
LaTeX Font Info:    Redeclaring font encoding OML on input line 712.
LaTeX Font Info:    Redeclaring font encoding OMS on input line 713.
\macc@depth=\count94
\c@MaxMatrixCols=\count95
\dotsspace@=\muskip10
\c@parentequation=\count96
\dspbrk@lvl=\count97
\tag@help=\toks16
\row@=\count98
\column@=\count99
\maxfields@=\count100
\andhelp@=\toks17
\eqnshift@=\dimen106
\alignsep@=\dimen107
\tagshift@=\dimen108
\tagwidth@=\dimen109
\totwidth@=\dimen110
\lineht@=\dimen111
\@envbody=\toks18
\multlinegap=\skip44
\multlinetaggap=\skip45
\mathdisplay@stack=\toks19
LaTeX Info: Redefining \[ on input line 2817.
LaTeX Info: Redefining \] on input line 2818.
)
(c:/texlive/2018/texmf-dist/tex/latex/amscls/amsthm.sty
Package: amsthm 2017/10/31 v2.20.4
\thm@style=\toks20
\thm@bodyfont=\toks21
\thm@headfont=\toks22
\thm@notefont=\toks23
\thm@headpunct=\toks24
\thm@preskip=\skip46
\thm@postskip=\skip47
\thm@headsep=\skip48
\dth@everypar=\toks25
)
(c:/texlive/2018/texmf-dist/tex/latex/cjk-ko/kotex.sty
Package: kotex 2015/04/19 v1.6 Korean TeX (ko.TeX)

(c:/texlive/2018/texmf-dist/tex/latex/kotex-utf/kotex.cfg)
(c:/texlive/2018/texmf-dist/tex/latex/kotex-utf/kotexutf.sty
Package: kotexutf 2015/07/18 v2.1.1 typesetting UTF-8 Korean documents

(c:/texlive/2018/texmf-dist/tex/latex/base/inputenc.sty
Package: inputenc 2018/04/06 v1.3b Input encoding file
\inpenc@prehook=\toks26
\inpenc@posthook=\toks27
)
(c:/texlive/2018/texmf-dist/tex/plain/kotex-plain/kotexutf-core.tex
\unih@ngulpoint=\count101
\dhucs@emph@raise=\dimen112
)
Now handling font encoding LUC ...
... processing UTF-8 mapping file for font encoding LUC

(c:/texlive/2018/texmf-dist/tex/latex/kotex-utf/lucenc.dfu
File: lucenc.dfu 2007/09/05 UTF-8 support for dhucs
   defining Unicode char U+00B7 (decimal 183)
   defining Unicode char U+2018 (decimal 8216)
   defining Unicode char U+2019 (decimal 8217)
   defining Unicode char U+201C (decimal 8220)
   defining Unicode char U+201D (decimal 8221)
   defining Unicode char U+3001 (decimal 12289)
   defining Unicode char U+3002 (decimal 12290)
   defining Unicode char U+3008 (decimal 12296)
   defining Unicode char U+3009 (decimal 12297)
   defining Unicode char U+300A (decimal 12298)
   defining Unicode char U+300B (decimal 12299)
   defining Unicode char U+300C (decimal 12300)
   defining Unicode char U+300D (decimal 12301)
   defining Unicode char U+300E (decimal 12302)
   defining Unicode char U+300F (decimal 12303)
   defining Unicode char U+3010 (decimal 12304)
   defining Unicode char U+3011 (decimal 12305)
   defining Unicode char U+3014 (decimal 12308)
   defining Unicode char U+3015 (decimal 12309)
   defining Unicode char U+3016 (decimal 12310)
   defining Unicode char U+3017 (decimal 12311)
   defining Unicode char U+3018 (decimal 12312)
   defining Unicode char U+3019 (decimal 12313)
   defining Unicode char U+301A (decimal 12314)
   defining Unicode char U+301B (decimal 12315)
   defining Unicode char U+FF01 (decimal 65281)
   defining Unicode char U+FF08 (decimal 65288)
   defining Unicode char U+FF09 (decimal 65289)
   defining Unicode char U+FF0C (decimal 65292)
   defining Unicode char U+FF0E (decimal 65294)
   defining Unicode char U+FF1A (decimal 65306)
   defining Unicode char U+FF1B (decimal 65307)
   defining Unicode char U+FF1C (decimal 65308)
   defining Unicode char U+FF1D (decimal 65309)
   defining Unicode char U+FF1E (decimal 65310)
   defining Unicode char U+FF1F (decimal 65311)
   defining Unicode char U+FF3B (decimal 65339)
   defining Unicode char U+FF3D (decimal 65341)
   defining Unicode char U+FF5B (decimal 65371)
   defining Unicode char U+FF5D (decimal 65373)
   defining Unicode char U+FF61 (decimal 65377)
   defining Unicode char U+FF62 (decimal 65378)
   defining Unicode char U+FF63 (decimal 65379)
   defining Unicode char U+FF64 (decimal 65380)
   defining Unicode char U+FF65 (decimal 65381)
)
\@josa=\count102
\josatoks=\toks28

(c:/texlive/2018/texmf-dist/tex/latex/cjk-ko/kolabels-utf.sty
Package: kolabels-utf 2015/03/20 v1.5 UTF-8 Hangul item labels
)))
(c:/texlive/2018/texmf-dist/tex/latex/preprint/fullpage.sty
Package: fullpage 1999/02/23 1.1 (PWD)
\FP@margin=\skip49
)
(c:/texlive/2018/texmf-dist/tex/latex/graphics/graphicx.sty
Package: graphicx 2017/06/01 v1.1a Enhanced LaTeX Graphics (DPC,SPQR)

(c:/texlive/2018/texmf-dist/tex/latex/graphics/keyval.sty
Package: keyval 2014/10/28 v1.15 key=value parser (DPC)
\KV@toks@=\toks29
)
(c:/texlive/2018/texmf-dist/tex/latex/graphics/graphics.sty
Package: graphics 2017/06/25 v1.2c Standard LaTeX Graphics (DPC,SPQR)

(c:/texlive/2018/texmf-dist/tex/latex/graphics/trig.sty
Package: trig 2016/01/03 v1.10 sin cos tan (DPC)
)
(c:/texlive/2018/texmf-dist/tex/latex/graphics-cfg/graphics.cfg
File: graphics.cfg 2016/06/04 v1.11 sample graphics configuration
)
Package graphics Info: Driver file: pdftex.def on input line 99.

(c:/texlive/2018/texmf-dist/tex/latex/graphics-def/pdftex.def
File: pdftex.def 2018/01/08 v1.0l Graphics/color driver for pdftex
))
\Gin@req@height=\dimen113
\Gin@req@width=\dimen114
)
(c:/texlive/2018/texmf-dist/tex/latex/mathtools/mathtools.sty
Package: mathtools 2018/01/08 v1.21 mathematical typesetting tools

(c:/texlive/2018/texmf-dist/tex/latex/tools/calc.sty
Package: calc 2017/05/25 v4.3 Infix arithmetic (KKT,FJ)
\calc@Acount=\count103
\calc@Bcount=\count104
\calc@Adimen=\dimen115
\calc@Bdimen=\dimen116
\calc@Askip=\skip50
\calc@Bskip=\skip51
LaTeX Info: Redefining \setlength on input line 80.
LaTeX Info: Redefining \addtolength on input line 81.
\calc@Ccount=\count105
\calc@Cskip=\skip52
)
(c:/texlive/2018/texmf-dist/tex/latex/mathtools/mhsetup.sty
Package: mhsetup 2017/03/31 v1.3 programming setup (MH)
)
LaTeX Info: Thecontrolsequence`\('isalreadyrobust on input line 129.
LaTeX Info: Thecontrolsequence`\)'isalreadyrobust on input line 129.
LaTeX Info: Thecontrolsequence`\['isalreadyrobust on input line 129.
LaTeX Info: Thecontrolsequence`\]'isalreadyrobust on input line 129.
\g_MT_multlinerow_int=\count106
\l_MT_multwidth_dim=\dimen117
\origjot=\skip53
\l_MT_shortvdotswithinadjustabove_dim=\dimen118
\l_MT_shortvdotswithinadjustbelow_dim=\dimen119
\l_MT_above_intertext_sep=\dimen120
\l_MT_below_intertext_sep=\dimen121
\l_MT_above_shortintertext_sep=\dimen122
\l_MT_below_shortintertext_sep=\dimen123
)
(c:/texlive/2018/texmf-dist/tex/latex/etoolbox/etoolbox.sty
Package: etoolbox 2018/02/11 v2.5e e-TeX tools for LaTeX (JAW)
\etb@tempcnta=\count107
)
\c@theorem=\count108
\c@example=\count109

(c:/texlive/2018/texmf-dist/tex/latex/draftwatermark/draftwatermark.sty
Package: draftwatermark 2015/02/19 1.2 Put a gray textual watermark on document
 pages

(c:/texlive/2018/texmf-dist/tex/latex/everypage/everypage.sty
Package: everypage 2007/06/20 1.1 Hooks to run on every page
)
(c:/texlive/2018/texmf-dist/tex/latex/graphics/color.sty
Package: color 2016/07/10 v1.1e Standard LaTeX Color (DPC)

(c:/texlive/2018/texmf-dist/tex/latex/graphics-cfg/color.cfg
File: color.cfg 2016/01/02 v1.6 sample color configuration
)
Package color Info: Driver file: pdftex.def on input line 147.
)
\sc@wm@hcenter=\skip54
\sc@wm@vcenter=\skip55
\sc@wm@fontsize=\skip56
)
(c:/texlive/2018/texmf-dist/tex/latex/base/fontenc.sty
Package: fontenc 2017/04/05 v2.0i Standard LaTeX package

(c:/texlive/2018/texmf-dist/tex/latex/base/t1enc.def
File: t1enc.def 2017/04/05 v2.0i Standard LaTeX file
LaTeX Font Info:    Redeclaring font encoding T1 on input line 48.
))
(c:/texlive/2018/texmf-dist/tex/latex/titlesec/titlesec.sty
Package: titlesec 2016/03/21 v2.10.2 Sectioning titles
\ttl@box=\box28
\beforetitleunit=\skip57
\aftertitleunit=\skip58
\ttl@plus=\dimen124
\ttl@minus=\dimen125
\ttl@toksa=\toks30
\titlewidth=\dimen126
\titlewidthlast=\dimen127
\titlewidthfirst=\dimen128
)
(c:/texlive/2018/texmf-dist/tex/latex/blindtext/blindtext.sty
Package: blindtext 2012/01/06 V2.0 blindtext-Package

(c:/texlive/2018/texmf-dist/tex/latex/tools/xspace.sty
Package: xspace 2014/10/28 v1.13 Space after command names (DPC,MH)
)
\c@blindtext=\count110
\c@Blindtext=\count111
\c@blind@countparstart=\count112
\blind@countxx=\count113
\blindtext@numBlindtext=\count114
\blind@countyy=\count115
\c@blindlist=\count116
\c@blindlistlevel=\count117
\c@blindlist@level=\count118
\blind@listitem=\count119
\c@blind@listcount=\count120
\c@blind@levelcount=\count121
\blind@mathformula=\count122
\blind@Mathformula=\count123
\c@blind@randomcount=\count124
\c@blind@randommax=\count125
\c@blind@pangramcount=\count126
\c@blind@pangrammax=\count127
)
(c:/texlive/2018/texmf-dist/tex/latex/titlesec/titletoc.sty
Package: titletoc 2011/12/15 v1.6 TOC entries
\ttl@leftsep=\dimen129
)
(c:/texlive/2018/texmf-dist/tex/latex/enumitem/enumitem.sty
Package: enumitem 2011/09/28 v3.5.2 Customized lists
\labelindent=\skip59
\enit@outerparindent=\dimen130
\enit@toks=\toks31
\enit@inbox=\box29
\enitdp@description=\count128
)
\c@daggerfootnote=\count129

(c:/texlive/2018/texmf-dist/tex/latex/jknapltx/mathrsfs.sty
Package: mathrsfs 1996/01/01 Math RSFS package v1.0 (jk)
\symrsfs=\mathgroup7
)
LaTeX Info: Redefining \Im on input line 335.

(c:/texlive/2018/texmf-dist/tex/latex/oberdiek/stackrel.sty
Package: stackrel 2016/05/16 v1.3 Adding subscript option to stackrel (HO)

(c:/texlive/2018/texmf-dist/tex/generic/oberdiek/etexcmds.sty
Package: etexcmds 2016/05/16 v1.6 Avoid name clashes with e-TeX commands (HO)

(c:/texlive/2018/texmf-dist/tex/generic/oberdiek/infwarerr.sty
Package: infwarerr 2016/05/16 v1.4 Providing info/warning/error messages (HO)
)
(c:/texlive/2018/texmf-dist/tex/generic/oberdiek/ifluatex.sty
Package: ifluatex 2016/05/16 v1.4 Provides the ifluatex switch (HO)
Package ifluatex Info: LuaTeX not detected.
)
Package etexcmds Info: Could not find \expanded.
(etexcmds)             That can mean that you are not using pdfTeX 1.50 or
(etexcmds)             that some package has redefined \expanded.
(etexcmds)             In the latter case, load this package earlier.
)
(c:/texlive/2018/texmf-dist/tex/generic/oberdiek/pdftexcmds.sty
Package: pdftexcmds 2018/01/30 v0.27 Utility functions of pdfTeX for LuaTeX (HO
)

(c:/texlive/2018/texmf-dist/tex/generic/oberdiek/ltxcmds.sty
Package: ltxcmds 2016/05/16 v1.23 LaTeX kernel commands for general use (HO)
)
(c:/texlive/2018/texmf-dist/tex/generic/oberdiek/ifpdf.sty
Package: ifpdf 2017/03/15 v3.2 Provides the ifpdf switch
)
Package pdftexcmds Info: LuaTeX not detected.
Package pdftexcmds Info: \pdf@primitive is available.
Package pdftexcmds Info: \pdf@ifprimitive is available.
Package pdftexcmds Info: \pdfdraftmode found.
))
(c:/texlive/2018/texmf-dist/tex/latex/tikz-cd/tikz-cd.sty
Package: tikz-cd 2014/10/30 v0.9e Commutative diagrams with tikz

(c:/texlive/2018/texmf-dist/tex/latex/pgf/frontendlayer/tikz.sty
(c:/texlive/2018/texmf-dist/tex/latex/pgf/basiclayer/pgf.sty
(c:/texlive/2018/texmf-dist/tex/latex/pgf/utilities/pgfrcs.sty
(c:/texlive/2018/texmf-dist/tex/generic/pgf/utilities/pgfutil-common.tex
\pgfutil@everybye=\toks32
\pgfutil@tempdima=\dimen131
\pgfutil@tempdimb=\dimen132

(c:/texlive/2018/texmf-dist/tex/generic/pgf/utilities/pgfutil-common-lists.tex)
) (c:/texlive/2018/texmf-dist/tex/generic/pgf/utilities/pgfutil-latex.def
\pgfutil@abb=\box30

(c:/texlive/2018/texmf-dist/tex/latex/ms/everyshi.sty
Package: everyshi 2001/05/15 v3.00 EveryShipout Package (MS)
))
(c:/texlive/2018/texmf-dist/tex/generic/pgf/utilities/pgfrcs.code.tex
Package: pgfrcs 2015/08/07 v3.0.1a (rcs-revision 1.31)
))
Package: pgf 2015/08/07 v3.0.1a (rcs-revision 1.15)

(c:/texlive/2018/texmf-dist/tex/latex/pgf/basiclayer/pgfcore.sty
(c:/texlive/2018/texmf-dist/tex/latex/pgf/systemlayer/pgfsys.sty
(c:/texlive/2018/texmf-dist/tex/generic/pgf/systemlayer/pgfsys.code.tex
Package: pgfsys 2014/07/09 v3.0.1a (rcs-revision 1.48)

(c:/texlive/2018/texmf-dist/tex/generic/pgf/utilities/pgfkeys.code.tex
\pgfkeys@pathtoks=\toks33
\pgfkeys@temptoks=\toks34

(c:/texlive/2018/texmf-dist/tex/generic/pgf/utilities/pgfkeysfiltered.code.tex
\pgfkeys@tmptoks=\toks35
))
\pgf@x=\dimen133
\pgf@y=\dimen134
\pgf@xa=\dimen135
\pgf@ya=\dimen136
\pgf@xb=\dimen137
\pgf@yb=\dimen138
\pgf@xc=\dimen139
\pgf@yc=\dimen140
\w@pgf@writea=\write3
\r@pgf@reada=\read1
\c@pgf@counta=\count130
\c@pgf@countb=\count131
\c@pgf@countc=\count132
\c@pgf@countd=\count133
\t@pgf@toka=\toks36
\t@pgf@tokb=\toks37
\t@pgf@tokc=\toks38
 (c:/texlive/2018/texmf-dist/tex/generic/pgf/systemlayer/pgf.cfg
File: pgf.cfg 2008/05/14  (rcs-revision 1.7)
)
Driver file for pgf: pgfsys-pdftex.def

(c:/texlive/2018/texmf-dist/tex/generic/pgf/systemlayer/pgfsys-pdftex.def
File: pgfsys-pdftex.def 2014/10/11  (rcs-revision 1.35)

(c:/texlive/2018/texmf-dist/tex/generic/pgf/systemlayer/pgfsys-common-pdf.def
File: pgfsys-common-pdf.def 2013/10/10  (rcs-revision 1.13)
)))
(c:/texlive/2018/texmf-dist/tex/generic/pgf/systemlayer/pgfsyssoftpath.code.tex
File: pgfsyssoftpath.code.tex 2013/09/09  (rcs-revision 1.9)
\pgfsyssoftpath@smallbuffer@items=\count134
\pgfsyssoftpath@bigbuffer@items=\count135
)
(c:/texlive/2018/texmf-dist/tex/generic/pgf/systemlayer/pgfsysprotocol.code.tex
File: pgfsysprotocol.code.tex 2006/10/16  (rcs-revision 1.4)
)) (c:/texlive/2018/texmf-dist/tex/latex/xcolor/xcolor.sty
Package: xcolor 2016/05/11 v2.12 LaTeX color extensions (UK)

(c:/texlive/2018/texmf-dist/tex/latex/graphics-cfg/color.cfg
File: color.cfg 2016/01/02 v1.6 sample color configuration
)
Package xcolor Info: Driver file: pdftex.def on input line 225.
LaTeX Info: Redefining \color on input line 709.
Package xcolor Info: Model `cmy' substituted by `cmy0' on input line 1348.
Package xcolor Info: Model `hsb' substituted by `rgb' on input line 1352.
Package xcolor Info: Model `RGB' extended on input line 1364.
Package xcolor Info: Model `HTML' substituted by `rgb' on input line 1366.
Package xcolor Info: Model `Hsb' substituted by `hsb' on input line 1367.
Package xcolor Info: Model `tHsb' substituted by `hsb' on input line 1368.
Package xcolor Info: Model `HSB' substituted by `hsb' on input line 1369.
Package xcolor Info: Model `Gray' substituted by `gray' on input line 1370.
Package xcolor Info: Model `wave' substituted by `hsb' on input line 1371.
)
(c:/texlive/2018/texmf-dist/tex/generic/pgf/basiclayer/pgfcore.code.tex
Package: pgfcore 2010/04/11 v3.0.1a (rcs-revision 1.7)

(c:/texlive/2018/texmf-dist/tex/generic/pgf/math/pgfmath.code.tex
(c:/texlive/2018/texmf-dist/tex/generic/pgf/math/pgfmathcalc.code.tex
(c:/texlive/2018/texmf-dist/tex/generic/pgf/math/pgfmathutil.code.tex)
(c:/texlive/2018/texmf-dist/tex/generic/pgf/math/pgfmathparser.code.tex
\pgfmath@dimen=\dimen141
\pgfmath@count=\count136
\pgfmath@box=\box31
\pgfmath@toks=\toks39
\pgfmath@stack@operand=\toks40
\pgfmath@stack@operation=\toks41
)
(c:/texlive/2018/texmf-dist/tex/generic/pgf/math/pgfmathfunctions.code.tex
(c:/texlive/2018/texmf-dist/tex/generic/pgf/math/pgfmathfunctions.basic.code.te
x)
(c:/texlive/2018/texmf-dist/tex/generic/pgf/math/pgfmathfunctions.trigonometric
.code.tex)
(c:/texlive/2018/texmf-dist/tex/generic/pgf/math/pgfmathfunctions.random.code.t
ex)
(c:/texlive/2018/texmf-dist/tex/generic/pgf/math/pgfmathfunctions.comparison.co
de.tex)
(c:/texlive/2018/texmf-dist/tex/generic/pgf/math/pgfmathfunctions.base.code.tex
)
(c:/texlive/2018/texmf-dist/tex/generic/pgf/math/pgfmathfunctions.round.code.te
x)
(c:/texlive/2018/texmf-dist/tex/generic/pgf/math/pgfmathfunctions.misc.code.tex
)
(c:/texlive/2018/texmf-dist/tex/generic/pgf/math/pgfmathfunctions.integerarithm
etics.code.tex)))
(c:/texlive/2018/texmf-dist/tex/generic/pgf/math/pgfmathfloat.code.tex
\c@pgfmathroundto@lastzeros=\count137
))
(c:/texlive/2018/texmf-dist/tex/generic/pgf/basiclayer/pgfcorepoints.code.tex
File: pgfcorepoints.code.tex 2013/10/07  (rcs-revision 1.27)
\pgf@picminx=\dimen142
\pgf@picmaxx=\dimen143
\pgf@picminy=\dimen144
\pgf@picmaxy=\dimen145
\pgf@pathminx=\dimen146
\pgf@pathmaxx=\dimen147
\pgf@pathminy=\dimen148
\pgf@pathmaxy=\dimen149
\pgf@xx=\dimen150
\pgf@xy=\dimen151
\pgf@yx=\dimen152
\pgf@yy=\dimen153
\pgf@zx=\dimen154
\pgf@zy=\dimen155
)
(c:/texlive/2018/texmf-dist/tex/generic/pgf/basiclayer/pgfcorepathconstruct.cod
e.tex
File: pgfcorepathconstruct.code.tex 2013/10/07  (rcs-revision 1.29)
\pgf@path@lastx=\dimen156
\pgf@path@lasty=\dimen157
)
(c:/texlive/2018/texmf-dist/tex/generic/pgf/basiclayer/pgfcorepathusage.code.te
x
File: pgfcorepathusage.code.tex 2014/11/02  (rcs-revision 1.24)
\pgf@shorten@end@additional=\dimen158
\pgf@shorten@start@additional=\dimen159
)
(c:/texlive/2018/texmf-dist/tex/generic/pgf/basiclayer/pgfcorescopes.code.tex
File: pgfcorescopes.code.tex 2015/05/08  (rcs-revision 1.46)
\pgfpic=\box32
\pgf@hbox=\box33
\pgf@layerbox@main=\box34
\pgf@picture@serial@count=\count138
)
(c:/texlive/2018/texmf-dist/tex/generic/pgf/basiclayer/pgfcoregraphicstate.code
.tex
File: pgfcoregraphicstate.code.tex 2014/11/02  (rcs-revision 1.12)
\pgflinewidth=\dimen160
)
(c:/texlive/2018/texmf-dist/tex/generic/pgf/basiclayer/pgfcoretransformations.c
ode.tex
File: pgfcoretransformations.code.tex 2015/08/07  (rcs-revision 1.20)
\pgf@pt@x=\dimen161
\pgf@pt@y=\dimen162
\pgf@pt@temp=\dimen163
)
(c:/texlive/2018/texmf-dist/tex/generic/pgf/basiclayer/pgfcorequick.code.tex
File: pgfcorequick.code.tex 2008/10/09  (rcs-revision 1.3)
)
(c:/texlive/2018/texmf-dist/tex/generic/pgf/basiclayer/pgfcoreobjects.code.tex
File: pgfcoreobjects.code.tex 2006/10/11  (rcs-revision 1.2)
)
(c:/texlive/2018/texmf-dist/tex/generic/pgf/basiclayer/pgfcorepathprocessing.co
de.tex
File: pgfcorepathprocessing.code.tex 2013/09/09  (rcs-revision 1.9)
)
(c:/texlive/2018/texmf-dist/tex/generic/pgf/basiclayer/pgfcorearrows.code.tex
File: pgfcorearrows.code.tex 2015/05/14  (rcs-revision 1.43)
\pgfarrowsep=\dimen164
)
(c:/texlive/2018/texmf-dist/tex/generic/pgf/basiclayer/pgfcoreshade.code.tex
File: pgfcoreshade.code.tex 2013/07/15  (rcs-revision 1.15)
\pgf@max=\dimen165
\pgf@sys@shading@range@num=\count139
)
(c:/texlive/2018/texmf-dist/tex/generic/pgf/basiclayer/pgfcoreimage.code.tex
File: pgfcoreimage.code.tex 2013/07/15  (rcs-revision 1.18)

(c:/texlive/2018/texmf-dist/tex/generic/pgf/basiclayer/pgfcoreexternal.code.tex
File: pgfcoreexternal.code.tex 2014/07/09  (rcs-revision 1.21)
\pgfexternal@startupbox=\box35
))
(c:/texlive/2018/texmf-dist/tex/generic/pgf/basiclayer/pgfcorelayers.code.tex
File: pgfcorelayers.code.tex 2013/07/18  (rcs-revision 1.7)
)
(c:/texlive/2018/texmf-dist/tex/generic/pgf/basiclayer/pgfcoretransparency.code
.tex
File: pgfcoretransparency.code.tex 2013/09/30  (rcs-revision 1.5)
)
(c:/texlive/2018/texmf-dist/tex/generic/pgf/basiclayer/pgfcorepatterns.code.tex
File: pgfcorepatterns.code.tex 2013/11/07  (rcs-revision 1.5)
)))
(c:/texlive/2018/texmf-dist/tex/generic/pgf/modules/pgfmoduleshapes.code.tex
File: pgfmoduleshapes.code.tex 2014/03/21  (rcs-revision 1.35)
\pgfnodeparttextbox=\box36
)
(c:/texlive/2018/texmf-dist/tex/generic/pgf/modules/pgfmoduleplot.code.tex
File: pgfmoduleplot.code.tex 2015/08/03  (rcs-revision 1.13)
)
(c:/texlive/2018/texmf-dist/tex/latex/pgf/compatibility/pgfcomp-version-0-65.st
y
Package: pgfcomp-version-0-65 2007/07/03 v3.0.1a (rcs-revision 1.7)
\pgf@nodesepstart=\dimen166
\pgf@nodesepend=\dimen167
)
(c:/texlive/2018/texmf-dist/tex/latex/pgf/compatibility/pgfcomp-version-1-18.st
y
Package: pgfcomp-version-1-18 2007/07/23 v3.0.1a (rcs-revision 1.1)
)) (c:/texlive/2018/texmf-dist/tex/latex/pgf/utilities/pgffor.sty
(c:/texlive/2018/texmf-dist/tex/latex/pgf/utilities/pgfkeys.sty
(c:/texlive/2018/texmf-dist/tex/generic/pgf/utilities/pgfkeys.code.tex))
(c:/texlive/2018/texmf-dist/tex/latex/pgf/math/pgfmath.sty
(c:/texlive/2018/texmf-dist/tex/generic/pgf/math/pgfmath.code.tex))
(c:/texlive/2018/texmf-dist/tex/generic/pgf/utilities/pgffor.code.tex
Package: pgffor 2013/12/13 v3.0.1a (rcs-revision 1.25)

(c:/texlive/2018/texmf-dist/tex/generic/pgf/math/pgfmath.code.tex)
\pgffor@iter=\dimen168
\pgffor@skip=\dimen169
\pgffor@stack=\toks42
\pgffor@toks=\toks43
))
(c:/texlive/2018/texmf-dist/tex/generic/pgf/frontendlayer/tikz/tikz.code.tex
Package: tikz 2015/08/07 v3.0.1a (rcs-revision 1.151)

(c:/texlive/2018/texmf-dist/tex/generic/pgf/libraries/pgflibraryplothandlers.co
de.tex
File: pgflibraryplothandlers.code.tex 2013/08/31 v3.0.1a (rcs-revision 1.20)
\pgf@plot@mark@count=\count140
\pgfplotmarksize=\dimen170
)
\tikz@lastx=\dimen171
\tikz@lasty=\dimen172
\tikz@lastxsaved=\dimen173
\tikz@lastysaved=\dimen174
\tikzleveldistance=\dimen175
\tikzsiblingdistance=\dimen176
\tikz@figbox=\box37
\tikz@figbox@bg=\box38
\tikz@tempbox=\box39
\tikz@tempbox@bg=\box40
\tikztreelevel=\count141
\tikznumberofchildren=\count142
\tikznumberofcurrentchild=\count143
\tikz@fig@count=\count144

(c:/texlive/2018/texmf-dist/tex/generic/pgf/modules/pgfmodulematrix.code.tex
File: pgfmodulematrix.code.tex 2013/09/17  (rcs-revision 1.8)
\pgfmatrixcurrentrow=\count145
\pgfmatrixcurrentcolumn=\count146
\pgf@matrix@numberofcolumns=\count147
)
\tikz@expandcount=\count148

(c:/texlive/2018/texmf-dist/tex/generic/pgf/frontendlayer/tikz/libraries/tikzli
brarytopaths.code.tex
File: tikzlibrarytopaths.code.tex 2008/06/17 v3.0.1a (rcs-revision 1.2)
)))
(c:/texlive/2018/texmf-dist/tex/generic/tikz-cd/tikzlibrarycd.code.tex
(c:/texlive/2018/texmf-dist/tex/generic/pgf/frontendlayer/tikz/libraries/tikzli
brarymatrix.code.tex
File: tikzlibrarymatrix.code.tex 2013/07/12 v3.0.1a (rcs-revision 1.4)
)
(c:/texlive/2018/texmf-dist/tex/generic/pgf/frontendlayer/tikz/libraries/tikzli
braryquotes.code.tex
File: tikzlibraryquotes.code.tex 2014/03/21 v3.0.1a (rcs-revision 1.4)
)
(c:/texlive/2018/texmf-dist/tex/generic/pgf/libraries/pgflibraryarrows.meta.cod
e.tex
File: pgflibraryarrows.meta.code.tex 2015/05/13 v3.0.1a (rcs-revision 1.13)
\pgfarrowinset=\dimen177
\pgfarrowlength=\dimen178
\pgfarrowwidth=\dimen179
\pgfarrowlinewidth=\dimen180
)))
LaTeX Info: Redefining \Re on input line 380.
 (c:/texlive/2018/texmf-dist/tex/latex/psnfss/pifont.sty
Package: pifont 2005/04/12 PSNFSS-v9.2a Pi font support (SPQR) 
LaTeX Font Info:    Try loading font information for U+pzd on input line 63.

(c:/texlive/2018/texmf-dist/tex/latex/psnfss/upzd.fd
File: upzd.fd 2001/06/04 font definitions for U/pzd.
)
LaTeX Font Info:    Try loading font information for U+psy on input line 64.

(c:/texlive/2018/texmf-dist/tex/latex/psnfss/upsy.fd
File: upsy.fd 2001/06/04 font definitions for U/psy.
))
(c:/texlive/2018/texmf-dist/tex/latex/braket/braket.sty)
\symmathx=\mathgroup8
 (./Hartshorne_AG.aux
(./AG_ch_1.aux) (./AG_ch_2.aux) (./AG_ch_3.aux) (./AG_Solution.aux))
\openout1 = `Hartshorne_AG.aux'.

LaTeX Font Info:    Checking defaults for OML/cmm/m/it on input line 592.
LaTeX Font Info:    ... okay on input line 592.
LaTeX Font Info:    Checking defaults for T1/cmr/m/n on input line 592.
LaTeX Font Info:    ... okay on input line 592.
LaTeX Font Info:    Checking defaults for OT1/cmr/m/n on input line 592.
LaTeX Font Info:    ... okay on input line 592.
LaTeX Font Info:    Checking defaults for OMS/cmsy/m/n on input line 592.
LaTeX Font Info:    ... okay on input line 592.
LaTeX Font Info:    Checking defaults for OMX/cmex/m/n on input line 592.
LaTeX Font Info:    ... okay on input line 592.
LaTeX Font Info:    Checking defaults for U/cmr/m/n on input line 592.
LaTeX Font Info:    ... okay on input line 592.
LaTeX Font Info:    Checking defaults for LUC/nanummj/m/n on input line 592.
LaTeX Font Info:    Try loading font information for LUC+nanummj on input line 
592.

(c:/texlive/2018/texmf-dist/tex/latex/nanumtype1/lucnanummj.fd
File: lucnanummj.fd 2013/02/12 v0.1 Nanum Myeongjo font definitions
)
LaTeX Font Info:    ... okay on input line 592.

(c:/texlive/2018/texmf-dist/tex/context/base/mkii/supp-pdf.mkii
[Loading MPS to PDF converter (version 2006.09.02).]
\scratchcounter=\count149
\scratchdimen=\dimen181
\scratchbox=\box41
\nofMPsegments=\count150
\nofMParguments=\count151
\everyMPshowfont=\toks44
\MPscratchCnt=\count152
\MPscratchDim=\dimen182
\MPnumerator=\count153
\makeMPintoPDFobject=\count154
\everyMPtoPDFconversion=\toks45
) (c:/texlive/2018/texmf-dist/tex/latex/oberdiek/epstopdf-base.sty
Package: epstopdf-base 2016/05/15 v2.6 Base part for package epstopdf

(c:/texlive/2018/texmf-dist/tex/latex/oberdiek/grfext.sty
Package: grfext 2016/05/16 v1.2 Manage graphics extensions (HO)

(c:/texlive/2018/texmf-dist/tex/generic/oberdiek/kvdefinekeys.sty
Package: kvdefinekeys 2016/05/16 v1.4 Define keys (HO)
))
(c:/texlive/2018/texmf-dist/tex/latex/oberdiek/kvoptions.sty
Package: kvoptions 2016/05/16 v3.12 Key value format for package options (HO)

(c:/texlive/2018/texmf-dist/tex/generic/oberdiek/kvsetkeys.sty
Package: kvsetkeys 2016/05/16 v1.17 Key value parser (HO)
))
Package epstopdf-base Info: Redefining graphics rule for `.eps' on input line 4
38.
Package grfext Info: Graphics extension search list:
(grfext)             [.pdf,.png,.jpg,.mps,.jpeg,.jbig2,.jb2,.PDF,.PNG,.JPG,.JPE
G,.JBIG2,.JB2,.eps]
(grfext)             \AppendGraphicsExtensions on input line 456.

(c:/texlive/2018/texmf-dist/tex/latex/latexconfig/epstopdf-sys.cfg
File: epstopdf-sys.cfg 2010/07/13 v1.3 Configuration of (r)epstopdf for TeX Liv
e
))
ABD: EveryShipout initializing macros
LaTeX Font Info:    Try loading font information for U+lasy on input line 595.

(c:/texlive/2018/texmf-dist/tex/latex/base/ulasy.fd
File: ulasy.fd 1998/08/17 v2.2e LaTeX symbol font definitions
)
LaTeX Font Info:    Try loading font information for U+msa on input line 595.

(c:/texlive/2018/texmf-dist/tex/latex/amsfonts/umsa.fd
File: umsa.fd 2013/01/14 v3.01 AMS symbols A
)
LaTeX Font Info:    Try loading font information for U+msb on input line 595.

(c:/texlive/2018/texmf-dist/tex/latex/amsfonts/umsb.fd
File: umsb.fd 2013/01/14 v3.01 AMS symbols B
)
LaTeX Font Info:    Try loading font information for U+rsfs on input line 595.

(c:/texlive/2018/texmf-dist/tex/latex/jknapltx/ursfs.fd
File: ursfs.fd 1998/03/24 rsfs font definition file (jk)
)
LaTeX Font Info:    Try loading font information for T1+cmss on input line 595.


(c:/texlive/2018/texmf-dist/tex/latex/base/t1cmss.fd
File: t1cmss.fd 2014/09/29 v2.5h Standard LaTeX font definitions
) [1


{c:/texlive/2018/texmf-var/fonts/map/pdftex/updmap/pdftex.map}] (./Hartshorne_A
G.toc
Overfull \hbox (1.74956pt too wide) detected at line 20
 \T1/cmr/bx/n/10 131
 []

)
\tf@toc=\write4
\openout4 = `Hartshorne_AG.toc'.

 [2

]
\openout2 = `AG_ch_1.aux'.

 (./AG_ch_1.tex
Chapter I.

Package xcolor Warning: Incompatible color definition on input line 3.

LaTeX Font Info:    Try loading font information for U+euf on input line 35.
(c:/texlive/2018/texmf-dist/tex/latex/amsfonts/ueuf.fd
File: ueuf.fd 2013/01/14 v3.01 Euler Fraktur
)
Underfull \hbox (badness 10000) in paragraph at lines 62--64

 []

[3


]
Underfull \hbox (badness 10000) in paragraph at lines 169--177

 []


Underfull \hbox (badness 10000) in paragraph at lines 193--195

 []

[4]
Overfull \hbox (0.45605pt too wide) in paragraph at lines 231--233
\OML/cmm/m/it/10 A \OT1/cmr/m/n/10 = \OML/cmm/m/it/10 k\OT1/cmr/m/n/10 [\OML/cm
m/m/it/10 x[]; [] ; x[]\OT1/cmr/m/n/10 ]$\LUC/nanummj/m/n/10/c7 X \LUC/nanummj/
m/n/10/ad ˘\LUC/nanummj/m/n/10/b3 ^^@ \LUC/nanummj/m/n/10/c5 D\LUC/nanummj/m/n/
10/c7 t\LUC/nanummj/m/n/10/b5 ^^T\LUC/nanummj/m/n/10/c5 º $\U/euf/m/n/10 m$\LUC
/nanummj/m/n/10/c7 @ $\U/msb/m/n/10 A[]$\LUC/nanummj/m/n/10/c7 X \LUC/nanummj/m
/n/10/ad ˘\LUC/nanummj/m/n/10/c1 å \LUC/nanummj/m/n/10/ae 0\LUC/nanummj/m/n/10/
c5 } \LUC/nanummj/m/n/10/b2 Î\LUC/nanummj/m/n/10/d7 å \LUC/nanummj/m/n/10/bd ÄÑ
\LUC/nanummj/m/n/10/c9 —\LUC/nanummj/m/n/10/d5 i\LUC/nanummj/m/n/10/c5 – \LUC/n
anummj/m/n/10/b3 ^^@\LUC/nanummj/m/n/10/c7 Q\LUC/nanummj/m/n/10/d5 \\LUC/nanumm
j/m/n/10/b2 ‰\T1/cmr/m/n/10 . \LUC/nanummj/m/n/10/c7 t\LUC/nanummj/m/n/10/b2 î 
\LUC/nanummj/m/n/10/c8 ^^P $\OML/cmm/m/it/10 P \OT1/cmr/m/n/10 = (\OML/cmm/m/it
/10 a[]; [] ; a[]\OT1/cmr/m/n/10 )$
 []


Underfull \hbox (badness 10000) in paragraph at lines 310--312

 []

[5]
Underfull \hbox (badness 10000) in paragraph at lines 357--358

 []


Underfull \hbox (badness 10000) in paragraph at lines 366--371

 []


Underfull \hbox (badness 10000) in paragraph at lines 386--388

 []


Underfull \hbox (badness 10000) in paragraph at lines 404--406

 []


Underfull \hbox (badness 10000) in paragraph at lines 410--418

 []

[6]
Underfull \hbox (badness 10000) in paragraph at lines 423--428

 []


Underfull \hbox (badness 10000) in paragraph at lines 440--442

 []

[7]
LaTeX Font Info:    Font shape `LUC/nanummj/m/it' in size <10> not available
(Font)              Font shape `LUC/nanummj/m/sl' tried instead on input line 5
44.

Underfull \hbox (badness 10000) in paragraph at lines 578--580

 []

[8]
Underfull \hbox (badness 10000) in paragraph at lines 640--642

 []

[9] [10]
<Figure1.jpg, id=135, 4541.71782pt x 2947.26094pt>
File: Figure1.jpg Graphic file (type jpg)
<use Figure1.jpg>
Package pdftex.def Info: Figure1.jpg  used on input line 732.
(pdftex.def)             Requested size: 226.48395pt x 146.96693pt.
<Figure2.jpg, id=136, 3761.80406pt x 2915.6428pt>
File: Figure2.jpg Graphic file (type jpg)
<use Figure2.jpg>
Package pdftex.def Info: Figure2.jpg  used on input line 794.
(pdftex.def)             Requested size: 226.48395pt x 175.50937pt.

Underfull \vbox (badness 10000) has occurred while \output is active []

 [11 <./Figure1.jpg>]
Underfull \hbox (badness 10000) in paragraph at lines 868--870

 []

[12 <./Figure2.jpg>]
Underfull \hbox (badness 10000) in paragraph at lines 911--915

 []


Underfull \hbox (badness 10000) in paragraph at lines 977--977

 []

[13]
Underfull \hbox (badness 10000) in paragraph at lines 1017--1019

 []


Underfull \hbox (badness 10000) in paragraph at lines 1040--1040

 []

[14]
Underfull \hbox (badness 10000) in paragraph at lines 1090--1105

 []


Underfull \hbox (badness 10000) in paragraph at lines 1129--1131

 []

[15]
Underfull \hbox (badness 10000) in paragraph at lines 1139--1141

 []


Underfull \hbox (badness 10000) in paragraph at lines 1157--1165

 []

[16] [17]
Underfull \hbox (badness 10000) in paragraph at lines 1343--1345

 []

[18]
Underfull \hbox (badness 10000) in paragraph at lines 1392--1396

 []


Underfull \hbox (badness 10000) in paragraph at lines 1412--1416

 []


Underfull \hbox (badness 10000) in paragraph at lines 1433--1433

 []


Underfull \hbox (badness 10000) in paragraph at lines 1454--1456

 []

[19]
Underfull \hbox (badness 10000) in paragraph at lines 1468--1468

 []


Underfull \hbox (badness 10000) in paragraph at lines 1487--1498

 []


Underfull \hbox (badness 10000) in paragraph at lines 1513--1518

 []


Underfull \hbox (badness 10000) in paragraph at lines 1523--1528

 []

[20]
Underfull \hbox (badness 10000) in paragraph at lines 1542--1544

 []


Underfull \hbox (badness 10000) in paragraph at lines 1562--1567

 []

<Figure3.jpg, id=178, 6029.27531pt x 2955.54187pt>
File: Figure3.jpg Graphic file (type jpg)
<use Figure3.jpg>
Package pdftex.def Info: Figure3.jpg  used on input line 1595.
(pdftex.def)             Requested size: 362.37569pt x 177.59544pt.
[21] [22 <./Figure3.jpg>] [23]
Underfull \hbox (badness 10000) in paragraph at lines 1756--1758

 []


Underfull \hbox (badness 10000) in paragraph at lines 1777--1778

 []


Underfull \hbox (badness 10000) in paragraph at lines 1797--1803

 []


Underfull \hbox (badness 10000) in paragraph at lines 1828--1832

 []

[24]
Underfull \hbox (badness 10000) in paragraph at lines 1876--1884

 []

[25]
Underfull \hbox (badness 10000) in paragraph at lines 1953--1964

 []

<Figure4.jpg, id=199, 6029.27531pt x 1696.08656pt>
File: Figure4.jpg Graphic file (type jpg)
<use Figure4.jpg>
Package pdftex.def Info: Figure4.jpg  used on input line 1982.
(pdftex.def)             Requested size: 362.37569pt x 101.91608pt.
[26 <./Figure4.jpg>]
<Figure5.jpg, id=203, 6029.27531pt x 2134.22343pt>
File: Figure5.jpg Graphic file (type jpg)
<use Figure5.jpg>
Package pdftex.def Info: Figure5.jpg  used on input line 1999.
(pdftex.def)             Requested size: 362.37569pt x 128.24327pt.
 [27 <./Figure5.jpg>] [28]
Underfull \hbox (badness 10000) in paragraph at lines 2182--2189

 []


Underfull \hbox (badness 10000) in paragraph at lines 2203--2210

 []

[29]
Underfull \hbox (badness 10000) in paragraph at lines 2231--2236

 []


Underfull \hbox (badness 10000) in paragraph at lines 2255--2257

 []


Underfull \hbox (badness 10000) in paragraph at lines 2282--2286

 []


Underfull \hbox (badness 10000) in paragraph at lines 2294--2296

 []

[30]
Underfull \hbox (badness 10000) in paragraph at lines 2357--2359

 []


Underfull \hbox (badness 10000) in paragraph at lines 2384--2386

 []

[31]
Overfull \hbox (10.68839pt too wide) in paragraph at lines 2386--2397
$\OML/cmm/m/it/10 r[]$\LUC/nanummj/m/n/10/ac ^^@ $\OML/cmm/m/it/10 r[]; [] ; r[
]$ \LUC/nanummj/m/n/10/c9 ^^Q \LUC/nanummj/m/n/10/cd \\LUC/nanummj/m/n/10/c1 å\
LUC/nanummj/m/n/10/c7 t\LUC/nanummj/m/n/10/b3 ƒ\LUC/nanummj/m/n/10/b8 ] \LUC/na
nummj/m/n/10/d5 X\LUC/nanummj/m/n/10/b2 î $\OML/cmm/m/it/10 k$\LUC/nanummj/m/n/
10/b9 | \LUC/nanummj/m/n/10/c1  \LUC/nanummj/m/n/10/d0 ›\LUC/nanummj/m/n/10/d5 
X\LUC/nanummj/m/n/10/c7 ê\T1/cmr/m/n/10 . \LUC/nanummj/m/n/10/ad ¯ \LUC/nanummj
/m/n/10/ac Ω\LUC/nanummj/m/n/10/c6 ∞ \LUC/nanummj/m/n/10/ba ®\LUC/nanummj/m/n/1
0/b4 ‡ $\OML/cmm/m/it/10 i$\LUC/nanummj/m/n/10/c5 – \LUC/nanummj/m/n/10/b3 ^^@\
LUC/nanummj/m/n/10/d5 X\LUC/nanummj/m/n/10/c5 Ï $\OML/cmm/m/it/10 v\OT1/cmr/m/n
/10 (\OML/cmm/m/it/10 f[]\OT1/cmr/m/n/10 ) \OMS/cmsy/m/n/10 ^^U \OT1/cmr/m/n/10
 0$\LUC/nanummj/m/n/10/c7 t\LUC/nanummj/m/n/10/ba p \LUC/nanummj/m/n/10/b5 0\LU
C/nanummj/m/n/10/b7 |\LUC/nanummj/m/n/10/c1 ^^\ $\OML/cmm/m/it/10 f[]; [] ; f[]
 \OMS/cmsy/m/n/10 2
 []


Underfull \hbox (badness 10000) in paragraph at lines 2431--2433

 []

[32]
Underfull \hbox (badness 10000) in paragraph at lines 2468--2470

 []


Underfull \hbox (badness 10000) in paragraph at lines 2482--2482

 []

[33]
Underfull \hbox (badness 10000) in paragraph at lines 2611--2613

 []

[34]
Underfull \hbox (badness 10000) in paragraph at lines 2627--2629

 []

[35]
Underfull \hbox (badness 10000) in paragraph at lines 2782--2784

 []

[36] [37] [38] [39]
Underfull \hbox (badness 10000) in paragraph at lines 3000--3006

 []


Underfull \hbox (badness 10000) in paragraph at lines 3020--3022

 []

[40]) [41]
\openout2 = `AG_ch_2.aux'.

 (./AG_ch_2.tex
Chapter II.

Package xcolor Warning: Incompatible color definition on input line 4.


Underfull \hbox (badness 10000) in paragraph at lines 40--40

 []


Underfull \hbox (badness 10000) in paragraph at lines 49--49

 []


Underfull \hbox (badness 10000) in paragraph at lines 62--67

 []


Underfull \hbox (badness 10000) in paragraph at lines 84--84

 []

[42



]
Underfull \hbox (badness 10000) in paragraph at lines 189--193

 []

[43]
Underfull \hbox (badness 10000) in paragraph at lines 227--227

 []


Underfull \hbox (badness 10000) in paragraph at lines 227--227

 []


Underfull \hbox (badness 10000) in paragraph at lines 258--259

 []

[44] [45]
LaTeX Font Info:    Try loading font information for LUC+uhcmj on input line 40
1.
 (c:/texlive/2018/texmf-dist/tex/latex/kotex-utf/lucuhcmj.fd
File: lucuhcmj.fd 2013/09/26 UHC Myeongjo font definitions
)

LaTeX Font Warning: Font shape `LUC/uhcmj/bx/n' undefined
(Font)              using `LUC/uhcmj/m/n' instead on input line 401.


Underfull \vbox (badness 10000) has occurred while \output is active []

 [46]
[47] [48] [49] [50]
<Figure6.jpg, id=292, 3373.35281pt x 1884.28969pt>
File: Figure6.jpg Graphic file (type jpg)
<use Figure6.jpg>
Package pdftex.def Info: Figure6.jpg  used on input line 795.
(pdftex.def)             Requested size: 199.16928pt x 111.24113pt.
 [51 <./Figure6.jpg>] [52]
Underfull \hbox (badness 10000) in paragraph at lines 965--967

 []

[53] [54]
Underfull \hbox (badness 10000) in paragraph at lines 1118--1119

 []

[55]
Underfull \hbox (badness 10000) in paragraph at lines 1184--1188

 []


Underfull \hbox (badness 10000) in paragraph at lines 1238--1240

 []

[56] [57] [58]
Underfull \hbox (badness 10000) in paragraph at lines 1523--1527

 []

[59]
Underfull \hbox (badness 10000) in paragraph at lines 1552--1556

 []

<Figure7.jpg, id=327, 4293.28969pt x 2399.21344pt>
File: Figure7.jpg Graphic file (type jpg)
<use Figure7.jpg>
Package pdftex.def Info: Figure7.jpg  used on input line 1598.
(pdftex.def)             Requested size: 284.52756pt x 158.99289pt.
[60] [61 <./Figure7.jpg>]
Underfull \vbox (badness 10000) has occurred while \output is active []

 [62]
Underfull \hbox (badness 10000) in paragraph at lines 1720--1721

 []


Underfull \hbox (badness 10000) in paragraph at lines 1725--1726

 []


Underfull \hbox (badness 10000) in paragraph at lines 1727--1728

 []


Underfull \hbox (badness 10000) in paragraph at lines 1731--1732

 []


Underfull \vbox (badness 10000) has occurred while \output is active []

 [63]
Underfull \hbox (badness 10000) in paragraph at lines 1806--1808

 []


Underfull \hbox (badness 10000) in paragraph at lines 1826--1829

 []


Underfull \vbox (badness 10000) has occurred while \output is active []

 [64]
Underfull \hbox (badness 10000) in paragraph at lines 1894--1898

 []


Underfull \hbox (badness 10000) in paragraph at lines 1914--1918

 []

[65]
Underfull \hbox (badness 10000) in paragraph at lines 1969--1973

 []


Underfull \hbox (badness 10000) in paragraph at lines 1999--2003

 []

[66]
Underfull \hbox (badness 10000) in paragraph at lines 2043--2043

 []

[67] [68]
Underfull \hbox (badness 10000) in paragraph at lines 2230--2232

 []

[69]
Underfull \hbox (badness 10000) in paragraph at lines 2272--2276

 []


Underfull \hbox (badness 10000) in paragraph at lines 2316--2316

 []


Underfull \hbox (badness 10000) in paragraph at lines 2328--2330

 []

[70] [71]
Underfull \hbox (badness 10000) in paragraph at lines 2409--2412

 []


Underfull \hbox (badness 10000) in paragraph at lines 2430--2431

 []

[72] [73] [74]
Underfull \hbox (badness 10000) in paragraph at lines 2737--2741

 []


Underfull \hbox (badness 10000) in paragraph at lines 2752--2756

 []

[75]
Underfull \hbox (badness 10000) in paragraph at lines 2818--2820

 []

[76]
Underfull \hbox (badness 10000) in paragraph at lines 2907--2911

 []


Underfull \hbox (badness 10000) in paragraph at lines 2921--2923

 []

[77]
Underfull \hbox (badness 10000) in paragraph at lines 3043--3047

 []

[78]
Underfull \hbox (badness 10000) in paragraph at lines 3123--3127

 []

[79]
Underfull \hbox (badness 10000) in paragraph at lines 3256--3260

 []


Overfull \hbox (7.31705pt too wide) in paragraph at lines 3256--3260
\LUC/nanummj/m/n/10/c7 t\LUC/nanummj/m/n/10/c8 ^^\ $\OML/cmm/m/it/10 X$\LUC/nan
ummj/m/n/10/b9 | \LUC/nanummj/m/n/10/c5 Ù\LUC/nanummj/m/n/10/b9 ∞\LUC/nanummj/m
/n/10/c9 —\LUC/nanummj/m/n/10/d5 i $\OML/cmm/m/it/10 D[]\OT1/cmr/m/n/10 (\OML/c
mm/m/it/10 x[]\OT1/cmr/m/n/10 )\OML/cmm/m/it/10 ; i \OT1/cmr/m/n/10 = 0\OML/cmm
/m/it/10 ; [] ; r$\LUC/nanummj/m/n/10/b8 \ \LUC/nanummj/m/n/10/b3 n\LUC/nanummj
/m/n/10/c7 ê\T1/cmr/m/n/10 . $\U/rsfs/m/n/10 F$\LUC/nanummj/m/n/10/ac ^^@ \LUC/
nanummj/m/n/10/c5 \LUC/nanummj/m/n/10/c8 ^^Q\LUC/nanummj/m/n/10/c7 t\LUC/nanum
mj/m/n/10/bb ¿\LUC/nanummj/m/n/10/b8 \ \LUC/nanummj/m/n/10/ac ^^A^^A\LUC/nanumm
j/m/n/10/c7 X $\OML/cmm/m/it/10 i$\LUC/nanummj/m/n/10/c5 – \LUC/nanummj/m/n/10/
b3 ^^@\LUC/nanummj/m/n/10/d5 X\LUC/nanummj/m/n/10/c5 Ï $\OML/cmm/m/it/10 B[] \O
T1/cmr/m/n/10 = \OML/cmm/m/it/10 A\OT1/cmr/m/n/10 [\OML/cmm/m/it/10 x[]=x[]; []
 ; x[]=x[]\OT1/cmr/m/n/10 ]$
 []

[80]
Underfull \hbox (badness 10000) in paragraph at lines 3271--3275

 []


Underfull \hbox (badness 10000) in paragraph at lines 3293--3295

 []

[81]
Underfull \hbox (badness 10000) in paragraph at lines 3365--3369

 []

[82] [83]
Underfull \vbox (badness 10000) has occurred while \output is active []

 [84]
Underfull \hbox (badness 10000) in paragraph at lines 3542--3563

 []

[85] [86]
Underfull \hbox (badness 10000) in paragraph at lines 3697--3699

 []


Underfull \hbox (badness 10000) in paragraph at lines 3722--3734

 []


Underfull \hbox (badness 10000) in paragraph at lines 3765--3787

 []

[87]
Underfull \hbox (badness 10000) in paragraph at lines 3794--3802

 []


Underfull \hbox (badness 10000) in paragraph at lines 3825--3826

 []

[88]
<Figure8.jpg, id=427, 4793.30775pt x 3264.79726pt>
File: Figure8.jpg Graphic file (type jpg)
<use Figure8.jpg>
Package pdftex.def Info: Figure8.jpg  used on input line 3885.
(pdftex.def)             Requested size: 199.16928pt x 135.65096pt.

Underfull \hbox (badness 10000) in paragraph at lines 3905--3935

 []

[89 <./Figure8.jpg>] [90]
Underfull \hbox (badness 10000) in paragraph at lines 4024--4026

 []


Underfull \hbox (badness 10000) in paragraph at lines 4029--4030

 []


Underfull \hbox (badness 10000) in paragraph at lines 4044--4058

 []


Underfull \hbox (badness 10000) in paragraph at lines 4089--4104

 []

[91]
Underfull \hbox (badness 10000) in paragraph at lines 4119--4129

 []

<Figure9.jpg, id=438, 4123.60574pt x 3019.07925pt>
File: Figure9.jpg Graphic file (type jpg)
<use Figure9.jpg>
Package pdftex.def Info: Figure9.jpg  used on input line 4154.
(pdftex.def)             Requested size: 199.16928pt x 145.80325pt.
[92 <./Figure9.jpg>]
Underfull \hbox (badness 10000) in paragraph at lines 4247--4273

 []

[93] [94]
Underfull \hbox (badness 10000) in paragraph at lines 4353--4362

 []


Underfull \hbox (badness 10000) in paragraph at lines 4394--4395

 []


Underfull \hbox (badness 10000) in paragraph at lines 4432--4444

 []

[95]
Underfull \hbox (badness 10000) in paragraph at lines 4449--4454

 []


Underfull \hbox (badness 10000) in paragraph at lines 4459--4466

 []


Underfull \hbox (badness 10000) in paragraph at lines 4491--4498

 []

[96] [97] [98]
Overfull \hbox (11.49084pt too wide) in paragraph at lines 4680--4681
[]\LUC/nanummj/m/n/10/b9 Ã\LUC/nanummj/m/n/10/c5 } $\U/rsfs/m/n/10 F$\LUC/nanum
mj/m/n/10/ac ^^@ \LUC/nanummj/bx/n/10/be D\LUC/nanummj/bx/n/10/d2 ¿\LUC/nanummj
/bx/n/10/b9 º \LUC/nanummj/bx/n/10/ce 5\T1/cmr/bx/n/10 (tor-sion sheaf)\T1/cmr/
m/n/10 (\LUC/nanummj/m/n/10/c7 |\LUC/nanummj/m/n/10/bc ^^X\LUC/nanummj/m/n/10/c
8 ^^P\LUC/nanummj/m/n/10/c5 –\LUC/nanummj/m/n/10/c1 ^^\\LUC/nanummj/m/n/10/c7 X
 \LUC/nanummj/m/n/10/c9 ^^D\LUC/nanummj/m/n/10/ae 0\LUC/nanummj/m/n/10/ac ^^@ \
T1/cmr/m/n/10 0\LUC/nanummj/m/n/10/c7 x \LUC/nanummj/m/n/10/ce 5\T1/cmr/m/n/10 
)\LUC/nanummj/m/n/10/c7 t\LUC/nanummj/m/n/10/ba t $[] \U/rsfs/m/n/10 F \OT1/cmr
/m/n/10 = [][] [](\U/rsfs/m/n/10 F[]\OT1/cmr/m/n/10 )$
 []


Underfull \hbox (badness 10000) in paragraph at lines 4724--4726

 []

[99]
Underfull \hbox (badness 10000) in paragraph at lines 4791--4792

 []


Underfull \hbox (badness 10000) in paragraph at lines 4815--4817

 []

[100]
Underfull \hbox (badness 10000) in paragraph at lines 4855--4863

 []


Underfull \hbox (badness 10000) in paragraph at lines 4927--4928

 []

[101]
Underfull \hbox (badness 10000) in paragraph at lines 4945--4987

 []

[102]
Underfull \hbox (badness 10000) in paragraph at lines 5076--5077

 []

[103]
Underfull \hbox (badness 10000) in paragraph at lines 5122--5131

 []

[104]
Underfull \hbox (badness 10000) in paragraph at lines 5241--5243

 []

[105]
Underfull \hbox (badness 10000) in paragraph at lines 5323--5325

 []


Underfull \hbox (badness 10000) in paragraph at lines 5361--5362

 []


Underfull \hbox (badness 10000) in paragraph at lines 5374--5391

 []


Underfull \hbox (badness 10000) in paragraph at lines 5393--5395

 []

[106]
Underfull \hbox (badness 10000) in paragraph at lines 5456--5457

 []

[107]
Underfull \hbox (badness 10000) in paragraph at lines 5518--5530

 []


Underfull \hbox (badness 10000) in paragraph at lines 5562--5563

 []


Underfull \hbox (badness 10000) in paragraph at lines 5579--5586

 []

[108] [109] [110]
Underfull \vbox (badness 10000) has occurred while \output is active []

 [111]
[112]
Underfull \hbox (badness 10000) in paragraph at lines 5870--5877

 []


Underfull \hbox (badness 10000) in paragraph at lines 5881--5887

 []


Underfull \hbox (badness 10000) in paragraph at lines 5910--5918

 []


Underfull \hbox (badness 10000) in paragraph at lines 5922--5927

 []


Underfull \hbox (badness 10000) in paragraph at lines 5935--5942

 []


Underfull \hbox (badness 10000) in paragraph at lines 5946--5952

 []

[113]
Underfull \hbox (badness 10000) in paragraph at lines 5968--5983

 []


Overfull \hbox (4.78465pt too wide) in paragraph at lines 5968--5983
\LUC/nanummj/m/n/10/c7 t\LUC/nanummj/m/n/10/c8 ^^\ \LUC/nanummj/m/n/10/c5 Ì\LUC
/nanummj/m/n/10/c7 <\LUC/nanummj/m/n/10/b8 \ $\OML/cmm/m/it/10 B$\LUC/nanummj/m
/n/10/ac ^^@ \LUC/nanummj/m/n/10/cc (\LUC/nanummj/m/n/10/c6 – $\OML/cmm/m/it/10
 r$\LUC/nanummj/m/n/10/c7 X \LUC/nanummj/m/n/10/c8 ^^U\LUC/nanummj/m/n/10/ce Y 
\LUC/nanummj/m/n/10/ad m\LUC/nanummj/m/n/10/c1 å\LUC/nanummj/m/n/10/d6 X\LUC/na
nummj/m/n/10/c7 t\LUC/nanummj/m/n/10/b7 | \LUC/nanummj/m/n/10/d5 X\LUC/nanummj/
m/n/10/c7 ê\T1/cmr/m/n/10 . \LUC/nanummj/m/n/10/ad ¯ \LUC/nanummj/m/n/10/ac Ω\L
UC/nanummj/m/n/10/c6 ∞ $[] \U/euf/m/n/10 m\OML/cmm/m/it/10 =\U/euf/m/n/10 m[] \
OT1/cmr/m/n/10 = \OML/cmm/m/it/10 r$\LUC/nanummj/m/n/10/c7 t\LUC/nanummj/m/n/10
/ba p \LUC/nanummj/m/n/10/b5 0\LUC/nanummj/m/n/10/b7 |\LUC/nanummj/m/n/10/c1 ^^
\ \T1/cmr/m/n/10 (8.7)\LUC/nanummj/m/n/10/c5 – \LUC/nanummj/m/n/10/c7 X\LUC/nan
ummj/m/n/10/d5 t $[][] \OT1/cmr/m/n/10 
[] \OMS/cmsy/m/n/10 

 []


Underfull \hbox (badness 10000) in paragraph at lines 5988--5995

 []

[114]
Underfull \hbox (badness 10000) in paragraph at lines 6049--6055

 []


Underfull \hbox (badness 10000) in paragraph at lines 6097--6106

 []

[115]
Underfull \hbox (badness 10000) in paragraph at lines 6159--6163

 []


Underfull \hbox (badness 10000) in paragraph at lines 6169--6178

 []


Underfull \hbox (badness 10000) in paragraph at lines 6183--6192

 []


Underfull \hbox (badness 10000) in paragraph at lines 6197--6200

 []


Underfull \hbox (badness 10000) in paragraph at lines 6205--6219

 []

[116]
Underfull \hbox (badness 10000) in paragraph at lines 6245--6255

 []


Overfull \hbox (2.04247pt too wide) in paragraph at lines 6245--6255
\T1/cmr/bx/n/10 Proof. \LUC/nanummj/m/n/10/b2 Î\LUC/nanummj/m/n/10/d7 å\LUC/nan
ummj/m/n/10/c8 ^^P $\OML/cmm/m/it/10 x \OMS/cmsy/m/n/10 2 \OML/cmm/m/it/10 X$\L
UC/nanummj/m/n/10/c5 – \LUC/nanummj/m/n/10/b3 ^^@\LUC/nanummj/m/n/10/d5 X\LUC/n
anummj/m/n/10/c5 Ï \LUC/nanummj/m/n/10/c9 —\LUC/nanummj/m/n/10/d5 i $\OML/cmm/m
/it/10 B[] \OT1/cmr/m/n/10 = \OMS/cmsy/m/n/10 f[]\OML/cmm/m/it/10 H \OT1/cmr/m/
n/10 : \OML/cmm/m/it/10 H \OMS/cmsy/m/n/10 ^^S \OML/cmm/m/it/10 X[]H \OMS/cmsy/
m/n/10 6^^S \OML/cmm/m/it/10 X[]x \OMS/cmsy/m/n/10 2 \OML/cmm/m/it/10 H \OMS/cm
sy/m/n/10 \ \OML/cmm/m/it/10 X[]x[]H \OMS/cmsy/m/n/10 \
 []

<Figure10.jpg, id=530, 5385.92175pt x 2866.10776pt>
File: Figure10.jpg Graphic file (type jpg)
<use Figure10.jpg>
Package pdftex.def Info: Figure10.jpg  used on input line 6256.
(pdftex.def)             Requested size: 284.52756pt x 151.40442pt.
[117 <./Figure10.jpg>]
Overfull \hbox (30.98122pt too wide) in paragraph at lines 6308--6312
[]\T1/cmr/bx/n/10 Definition. []$\OML/cmm/m/it/10 X$\LUC/nanummj/m/n/10/ac ^^@ 
$\OML/cmm/m/it/10 k$ \LUC/nanummj/m/n/10/c0 ¡\LUC/nanummj/m/n/10/c5 –\LUC/nanum
mj/m/n/10/c1 ^^\\LUC/nanummj/m/n/10/c7 X \LUC/nanummj/m/n/10/be D\LUC/nanummj/m
/n/10/d2 π\LUC/nanummj/m/n/10/c7 t \LUC/nanummj/m/n/10/b3 ^^@\LUC/nanummj/m/n/1
0/c2 ^^X\LUC/nanummj/m/n/10/b2 ‰\LUC/nanummj/m/n/10/c5 ë\LUC/nanummj/m/n/10/cc 
¥\LUC/nanummj/m/n/10/b7 | \LUC/nanummj/m/n/10/d5 X\LUC/nanummj/m/n/10/c7 ê\T1/c
mr/m/n/10 . $\OML/cmm/m/it/10 X$\LUC/nanummj/m/n/10/c7 X \LUC/nanummj/bx/n/10/c
8 ^^Q\LUC/nanummj/bx/n/10/ce 5\T1/cmr/bx/n/10 (tan-gent sheaf)\LUC/nanummj/m/n/
10/c7 D $\U/rsfs/m/n/10 T[] \OT1/cmr/m/n/10 = \U/rsfs/m/n/10 H \OML/cmm/m/it/10
 om[]\OT1/cmr/m/n/10 (
[]\OML/cmm/m/it/10 ; \OMS/cmsy/m/n/10 O[]\OT1/cmr/m/n/10 )$
 []


Underfull \hbox (badness 10000) in paragraph at lines 6333--6359

 []


Underfull \hbox (badness 10000) in paragraph at lines 6381--6387

 []

[118] [119]
Underfull \hbox (badness 10000) in paragraph at lines 6489--6493

 []


Underfull \hbox (badness 10000) in paragraph at lines 6504--6507

 []


Underfull \hbox (badness 10000) in paragraph at lines 6509--6510

 []

[120]
Underfull \hbox (badness 10000) in paragraph at lines 6548--6549

 []


Overfull \hbox (3.7702pt too wide) in paragraph at lines 6551--6560
\T1/cmr/bx/n/10 Proof. \T1/cmr/m/n/10 (a) $\OML/cmm/m/it/10 X$\LUC/nanummj/m/n/
10/ac ^^@ \LUC/nanummj/m/n/10/be D\LUC/nanummj/m/n/10/d2 π\LUC/nanummj/m/n/10/c
7 tt\LUC/nanummj/m/n/10/ba t \T1/cmr/m/n/10 (8.21Aa)\LUC/nanummj/m/n/10/c5 – \L
UC/nanummj/m/n/10/c7 X\LUC/nanummj/m/n/10/d5 t \LUC/nanummj/m/n/10/c7 t\LUC/nan
ummj/m/n/10/b2 î \T1/cmr/m/n/10 Cohen-Macaulay\LUC/nanummj/m/n/10/c7 t\LUC/nanu
mmj/m/n/10/b2 ‰\T1/cmr/m/n/10 . $\U/rsfs/m/n/10 I[]$\LUC/nanummj/m/n/10/ac ^^@ 
\LUC/nanummj/m/n/10/ad m\LUC/nanummj/m/n/10/c1 å\LUC/nanummj/m/n/10/c8 ^^A\LUC/
nanummj/m/n/10/c7 <\LUC/nanummj/m/n/10/b8 \ $\OML/cmm/m/it/10 r \OT1/cmr/m/n/10
 = [](\OML/cmm/m/it/10 Y; X\OT1/cmr/m/n/10 )$
 []


Underfull \hbox (badness 10000) in paragraph at lines 6576--6577

 []


Underfull \hbox (badness 10000) in paragraph at lines 6598--6605

 []

[121]
Underfull \vbox (badness 10000) has occurred while \output is active []

 [122]
[123]
Underfull \hbox (badness 10000) in paragraph at lines 6776--6778

 []

[124]
Underfull \hbox (badness 10000) in paragraph at lines 6866--6877

 []

[125]
Underfull \hbox (badness 10000) in paragraph at lines 6919--6921

 []

[126]
Overfull \hbox (1.40382pt too wide) in paragraph at lines 7012--7016
[]\T1/cmr/bx/n/10 Definition. []\LUC/nanummj/bx/n/10/c5 D\LUC/nanummj/bx/n/10/d
5 @ \T1/cmr/bx/n/10 (Noether) \LUC/nanummj/bx/n/10/d6 ^^U\LUC/nanummj/bx/n/10/c
2 ›\LUC/nanummj/bx/n/10/c8 ^^A \LUC/nanummj/bx/n/10/c2 §\LUC/nanummj/bx/n/10/d0
 ¥\T1/cmr/bx/n/10 (affine (noethe-rian) for-mal scheme)\LUC/nanummj/m/n/10/c7 @
 \LUC/nanummj/m/n/10/d5 X\LUC/nanummj/m/n/10/b0 ò\LUC/nanummj/m/n/10/c7 X \LUC/
nanummj/m/n/10/c5 D\LUC/nanummj/m/n/10/d5 @ \T1/cmr/m/n/10 Noether
 []


Underfull \hbox (badness 10000) in paragraph at lines 7027--7028

 []


Overfull \hbox (3.76686pt too wide) in paragraph at lines 7030--7047
\T1/cmr/m/n/10 (a) \LUC/nanummj/m/n/10/c7 ^^D\LUC/nanummj/m/n/10/c5 –\LUC/nanum
mj/m/n/10/c1 ^^\\LUC/nanummj/m/n/10/c6 @ \LUC/nanummj/m/n/10/ac ^^Y\LUC/nanummj
/m/n/10/c7 @ ÑXX $\OML/cmm/m/it/10 U$\LUC/nanummj/m/n/10/c5 – \LUC/nanummj/m/n/
10/b3 ^^@\LUC/nanummj/m/n/10/d5 X\LUC/nanummj/m/n/10/c5 Ï $\OT1/cmr/m/n/10 ^^@(
\OML/cmm/m/it/10 U; I[]\OT1/cmr/m/n/10 ) = [] ^^@(\OML/cmm/m/it/10 U; []=[]\OT1
/cmr/m/n/10 ) = []$\LUC/nanummj/m/n/10/c7 t\LUC/nanummj/m/n/10/b2 ‰\T1/cmr/m/n/
10 . \LUC/nanummj/m/n/10/c7 t\LUC/nanummj/m/n/10/c5 – \LUC/nanummj/m/n/10/b3 T\
LUC/nanummj/m/n/10/d5 t \LUC/nanummj/m/n/10/b9 »\LUC/nanummj/m/n/10/cc ,\LUC/na
nummj/m/n/10/ac ^^@\LUC/nanummj/m/n/10/c9 ¿\LUC/nanummj/m/n/10/b8 \ $\OT1/cmr/m
/n/10 ^^@(\OML/cmm/m/it/10 U; \OMS/cmsy/m/n/10 O[]\OT1/cmr/m/n/10 ) =
 []

[127]
Underfull \hbox (badness 10000) in paragraph at lines 7088--7089

 []


Underfull \hbox (badness 10000) in paragraph at lines 7130--7134

 []


Underfull \hbox (badness 10000) in paragraph at lines 7154--7172

 []


Overfull \hbox (5.65814pt too wide) in paragraph at lines 7154--7172
\T1/cmr/bx/n/10 Proof. \LUC/nanummj/m/n/10/c6 ∞\LUC/nanummj/m/n/10/b9 ¨\LUC/nan
ummj/m/n/10/b2 î \LUC/nanummj/m/n/10/c7 t\LUC/nanummj/m/n/10/bb ¯ $\OML/cmm/m/i
t/10 M \OMS/cmsy/m/n/10 7! \OML/cmm/m/it/10 M[]$\LUC/nanummj/m/n/10/ac ^^@ \LUC
/nanummj/m/n/10/c6 D\LUC/nanummj/m/n/10/c8 ^^D \LUC/nanummj/m/n/10/d5 h\LUC/nan
ummj/m/n/10/c7 êÑD \T1/cmr/m/n/10 (9.4)\LUC/nanummj/m/n/10/c5 –\LUC/nanummj/m/n
/10/c1 ^^\ \LUC/nanummj/m/n/10/bc Ù\LUC/nanummj/m/n/10/c6 ^^@\LUC/nanummj/m/n/1
0/b2 ‰\T1/cmr/m/n/10 . \LUC/nanummj/m/n/10/b9 Ã\LUC/nanummj/m/n/10/c5 } $\OML/c
mm/m/it/10 M$\LUC/nanummj/m/n/10/c7 t  \LUC/nanummj/m/n/10/d5 \\LUC/nanummj/m/n
/10/d6 ^^U $\OML/cmm/m/it/10 A$\T1/cmr/m/n/10 -\LUC/nanummj/m/n/10/ba ®\LUC/nan
ummj/m/n/10/b4 »\LUC/nanummj/m/n/10/c7 t\LUC/nanummj/m/n/10/ba t $\OT1/cmr/m/n/
10 ^^@(\U/euf/m/n/10 X\OML/cmm/m/it/10 ; M[]\OT1/cmr/m/n/10 ) =
 []

[128]
Underfull \hbox (badness 10000) in paragraph at lines 7192--7201

 []


Underfull \hbox (badness 10000) in paragraph at lines 7206--7211

 []

[129]) [130]
\openout2 = `AG_ch_3.aux'.

 (./AG_ch_3.tex
Chapter III.

Package xcolor Warning: Incompatible color definition on input line 3.

[131



]
Underfull \hbox (badness 10000) in paragraph at lines 98--109

 []

) [132]
\openout2 = `AG_Solution.aux'.

 (./AG_Solution.tex
Underfull \hbox (badness 10000) in paragraph at lines 35--47

 []


Underfull \hbox (badness 10000) in paragraph at lines 47--53

 []


Underfull \hbox (badness 10000) in paragraph at lines 53--60

 []

[133



]
Underfull \hbox (badness 10000) in paragraph at lines 60--69

 []


Underfull \hbox (badness 10000) in paragraph at lines 69--80

 []


Underfull \vbox (badness 10000) has occurred while \output is active []

 [134]
Underfull \hbox (badness 10000) in paragraph at lines 116--126

 []


Underfull \hbox (badness 10000) in paragraph at lines 126--132

 []


Underfull \hbox (badness 10000) in paragraph at lines 163--178

 []


Underfull \vbox (badness 10000) has occurred while \output is active []

 [135]
Underfull \hbox (badness 10000) in paragraph at lines 181--185

 []


Underfull \hbox (badness 10000) in paragraph at lines 216--223

 []


Overfull \hbox (1.90677pt too wide) in paragraph at lines 229--234
\T1/cmr/m/n/10 Sol) (i) $\OMS/cmsy/m/n/10 !$ \T1/cmr/m/n/10 (ii). $\U/msb/m/n/1
0 P[]$\LUC/nanummj/m/n/10/c5 –\LUC/nanummj/m/n/10/c1 ^^\ $\OML/cmm/m/it/10 Z\OT
1/cmr/m/n/10 (\U/euf/m/n/10 a\OT1/cmr/m/n/10 ) = \OMS/cmsy/m/n/10 ;$\LUC/nanumm
j/m/n/10/c7 t\LUC/nanummj/m/n/10/bb ¿\LUC/nanummj/m/n/10/b8 \ $\U/msb/m/n/10 A[
]$\LUC/nanummj/m/n/10/c5 –\LUC/nanummj/m/n/10/c1 ^^\ $\OML/cmm/m/it/10 Z\OT1/cm
r/m/n/10 (\U/euf/m/n/10 a\OT1/cmr/m/n/10 ) = \OMS/cmsy/m/n/10 ;$ \LUC/nanummj/m
/n/10/b6 ^^P\LUC/nanummj/m/n/10/b2 î $\OMS/cmsy/m/n/10 f\OT1/cmr/m/n/10 0\OMS/c
msy/m/n/10 g$\LUC/nanummj/m/n/10/c7 t\LUC/nanummj/m/n/10/ac ‡ \LUC/nanummj/m/n/
10/b5 0\LUC/nanummj/m/n/10/b7 |\LUC/nanummj/m/n/10/c1 ^^\ $[] \OT1/cmr/m/n/10 =
 \OML/cmm/m/it/10 k\OT1/cmr/m/n/10 [\OML/cmm/m/it/10 x[]; [] ; x[]\OT1/cmr/m/n/
10 ] =
 []

[136]
Underfull \hbox (badness 10000) in paragraph at lines 272--286

 []


Overfull \hbox (11.7854pt too wide) in paragraph at lines 272--286
\LUC/nanummj/m/n/10/b3 ^^@\LUC/nanummj/m/n/10/c7 Q\LUC/nanummj/m/n/10/c2 ‹\LUC/
nanummj/m/n/10/d0 §\LUC/nanummj/m/n/10/ba t $\OML/cmm/m/it/10 A\OT1/cmr/m/n/10 
(\OML/cmm/m/it/10 Y[]\OT1/cmr/m/n/10 )$\LUC/nanummj/m/n/10/ac ¸ $\OML/cmm/m/it/
10 S\OT1/cmr/m/n/10 (\OML/cmm/m/it/10 Y\OT1/cmr/m/n/10 )[]$\LUC/nanummj/m/n/10/
c7 X \T1/cmr/m/n/10 0\LUC/nanummj/m/n/10/cc ( \LUC/nanummj/m/n/10/b3 Ÿ\LUC/nanu
mmj/m/n/10/cc ( \LUC/nanummj/m/n/10/c6 –\LUC/nanummj/m/n/10/c1 å\LUC/nanummj/m/
n/10/b4 ‰\LUC/nanummj/m/n/10/c7 X \LUC/nanummj/m/n/10/bd ÄÑ\LUC/nanummj/m/n/10/
d6 X\LUC/nanummj/m/n/10/c7 t \LUC/nanummj/m/n/10/b3 Ÿ\LUC/nanummj/m/n/10/d6 ^^U
\LUC/nanummj/m/n/10/c7 ÑD \LUC/nanummj/m/n/10/c5 L \LUC/nanummj/m/n/10/c2 ^^X \
LUC/nanummj/m/n/10/c7 à\LUC/nanummj/m/n/10/b2 ‰\T1/cmr/m/n/10 . \LUC/nanummj/m/
n/10/b5 0\LUC/nanummj/m/n/10/b7 |\LUC/nanummj/m/n/10/c1 ^^\ $\OML/cmm/m/it/10 A
\OT1/cmr/m/n/10 (\OML/cmm/m/it/10 Y[]\OT1/cmr/m/n/10 )[\OML/cmm/m/it/10 x[]; x[
]\OT1/cmr/m/n/10 ] []
 []


Overfull \hbox (3.64047pt too wide) in paragraph at lines 272--286
\OML/cmm/m/it/10 S\OT1/cmr/m/n/10 (\OML/cmm/m/it/10 Y\OT1/cmr/m/n/10 )[]$\LUC/n
anummj/m/n/10/c7 t\LUC/nanummj/m/n/10/ac ‡ \T1/cmr/m/n/10 (1.7, 1.8A)\LUC/nanum
mj/m/n/10/c5 – \LUC/nanummj/m/n/10/c7 X\LUC/nanummj/m/n/10/d5 t \T1/cmr/m/n/10 
(\LUC/nanummj/m/n/10/bd Ñ\LUC/nanummj/m/n/10/c2 ^^X\LUC/nanummj/m/n/10/cc ¥\LUC
/nanummj/m/n/10/b9 | $\OML/cmm/m/it/10 F$\LUC/nanummj/m/n/10/b8 \ \LUC/nanummj/
m/n/10/d4 \\LUC/nanummj/m/n/10/ae 0\LUC/nanummj/m/n/10/d5 X\LUC/nanummj/m/n/10/
ba t\T1/cmr/m/n/10 ) $[] \OML/cmm/m/it/10 S\OT1/cmr/m/n/10 (\OML/cmm/m/it/10 Y\
OT1/cmr/m/n/10 ) = []\OML/cmm/m/it/10 F\OT1/cmr/m/n/10 (\OML/cmm/m/it/10 S\OT1/
cmr/m/n/10 (\OML/cmm/m/it/10 Y\OT1/cmr/m/n/10 )) = []\OML/cmm/m/it/10 F\OT1/cmr
/m/n/10 (\OML/cmm/m/it/10 A\OT1/cmr/m/n/10 (\OML/cmm/m/it/10 Y[]\OT1/cmr/m/n/10
 )) +
 []


Underfull \hbox (badness 10000) in paragraph at lines 290--294

 []


Underfull \hbox (badness 10000) in paragraph at lines 294--298

 []


Underfull \vbox (badness 10000) has occurred while \output is active []

 [137]
File: Figure1.jpg Graphic file (type jpg)
<use Figure1.jpg>
Package pdftex.def Info: Figure1.jpg  used on input line 333.
(pdftex.def)             Requested size: 226.48395pt x 146.96693pt.

Underfull \hbox (badness 10000) in paragraph at lines 338--346

 []

[138]
Overfull \hbox (26.69061pt too wide) in paragraph at lines 386--413
\T1/cmr/m/n/10 3.6) $\OML/cmm/m/it/10 ^^Z[]$\LUC/nanummj/m/n/10/c7 X \LUC/nanum
mj/m/n/10/c5 Ì\LUC/nanummj/m/n/10/d5 h\LUC/nanummj/m/n/10/c2 ^^X\LUC/nanummj/m/
n/10/b2 î $\OML/cmm/m/it/10 y[] \OMS/cmsy/m/n/10 6\OT1/cmr/m/n/10 = 0$\LUC/nanu
mmj/m/n/10/c7 x \LUC/nanummj/m/n/10/c8 p\LUC/nanummj/m/n/10/bc ^^@ \LUC/nanummj
/m/n/10/c5 Ù\LUC/nanummj/m/n/10/b9 ∞\LUC/nanummj/m/n/10/c9 —\LUC/nanummj/m/n/10
/d5 i \LUC/nanummj/m/n/10/c0 ¡\LUC/nanummj/m/n/10/c5 –\LUC/nanummj/m/n/10/c1 ^^
\ \LUC/nanummj/m/n/10/c8 å\LUC/nanummj/m/n/10/d4 \ \\LUC/nanummj/m/n/10/d6 ^^D 
$\OT1/cmr/m/n/10 (\OML/cmm/m/it/10 y[]; [] ; y[]; y[]; [] ; y[]\OT1/cmr/m/n/10 
)$
 []


Underfull \hbox (badness 10000) in paragraph at lines 413--427

 []


Underfull \vbox (badness 10000) has occurred while \output is active []

 [139]
Underfull \hbox (badness 10000) in paragraph at lines 427--436

 []

File: Figure2.jpg Graphic file (type jpg)
<use Figure2.jpg>
Package pdftex.def Info: Figure2.jpg  used on input line 451.
(pdftex.def)             Requested size: 226.48395pt x 175.50937pt.

Underfull \hbox (badness 10000) in paragraph at lines 456--463

 []

[140]
Overfull \hbox (7.11133pt too wide) in paragraph at lines 522--540
\T1/cmr/m/n/10 (b) $\U/msb/m/n/10 A[]$\LUC/nanummj/m/n/10/c7 X \LUC/nanummj/m/n
/10/c5 Ù\LUC/nanummj/m/n/10/b9 ∞ \LUC/nanummj/m/n/10/c9 ƒ\LUC/nanummj/m/n/10/bd
 ÄÑ\LUC/nanummj/m/n/10/c9 —\LUC/nanummj/m/n/10/d5 i\LUC/nanummj/m/n/10/c7 @ $\U
/msb/m/n/10 A[]$\LUC/nanummj/m/n/10/c5 –\LUC/nanummj/m/n/10/c1 ^^\ \LUC/nanummj
/m/n/10/c7  \LUC/nanummj/m/n/10/d5 \ \LUC/nanummj/m/n/10/ac ^^\ \LUC/nanummj/m/
n/10/c8 ^^P\LUC/nanummj/m/n/10/c7 D \LUC/nanummj/m/n/10/c8 ^^\\LUC/nanummj/m/n/
10/c6 x\LUC/nanummj/m/n/10/d5 \ \LUC/nanummj/m/n/10/ac É\LUC/nanummj/m/n/10/c7 
t\LUC/nanummj/m/n/10/b2 ‰\T1/cmr/m/n/10 . \LUC/nanummj/m/n/10/c7 t\LUC/nanummj/
m/n/10/b2 î \LUC/nanummj/m/n/10/d3 …\LUC/nanummj/m/n/10/d5 â\LUC/nanummj/m/n/10
/c7 t\LUC/nanummj/m/n/10/b3 Ÿ\LUC/nanummj/m/n/10/c5 – \LUC/nanummj/m/n/10/c7 X\
LUC/nanummj/m/n/10/d5 t $\U/msb/m/n/10 A[] \OMS/cmsy/m/n/10 ^^@ f\OT1/cmr/m/n/1
0 0\OML/cmm/m/it/10 ; \OT1/cmr/m/n/10 1\OML/cmm/m/it/10 ; [] ; n\OMS/cmsy/m/n/1
0 g$
 []

[141]
Underfull \hbox (badness 10000) in paragraph at lines 573--582

 []


Underfull \hbox (badness 10000) in paragraph at lines 582--590

 []


Underfull \hbox (badness 10000) in paragraph at lines 590--599

 []


Underfull \vbox (badness 10000) has occurred while \output is active []

 [142]
Underfull \hbox (badness 10000) in paragraph at lines 609--618

 []


Underfull \hbox (badness 10000) in paragraph at lines 618--624

 []


Underfull \hbox (badness 10000) in paragraph at lines 624--634

 []


Underfull \hbox (badness 10000) in paragraph at lines 634--639

 []


Underfull \hbox (badness 10000) in paragraph at lines 639--643

 []


Underfull \hbox (badness 10000) in paragraph at lines 643--654

 []


Underfull \vbox (badness 10000) has occurred while \output is active []

 [143]
[144]
Underfull \vbox (badness 10000) has occurred while \output is active []

 [145]
Underfull \hbox (badness 10000) in paragraph at lines 818--822

 []


Underfull \vbox (badness 10000) has occurred while \output is active []

 [146]
Underfull \hbox (badness 10000) in paragraph at lines 876--883

 []

[147]
Underfull \hbox (badness 10000) in paragraph at lines 906--920

 []

File: Figure4.jpg Graphic file (type jpg)
<use Figure4.jpg>
Package pdftex.def Info: Figure4.jpg  used on input line 939.
(pdftex.def)             Requested size: 362.37569pt x 101.91608pt.

Underfull \hbox (badness 10000) in paragraph at lines 944--945

 []

File: Figure5.jpg Graphic file (type jpg)
<use Figure5.jpg>
Package pdftex.def Info: Figure5.jpg  used on input line 960.
(pdftex.def)             Requested size: 362.37569pt x 128.24327pt.

Underfull \vbox (badness 10000) has occurred while \output is active []

 [148]
Underfull \hbox (badness 10000) in paragraph at lines 965--967

 []


Underfull \hbox (badness 10000) in paragraph at lines 1011--1023

 []

[149]
Overfull \hbox (6.77197pt too wide) in paragraph at lines 1023--1047
\T1/cmr/m/n/10 ($\OML/cmm/m/it/10 f[] [][] f[]$\LUC/nanummj/m/n/10/c7 @ \T1/cmr
/m/n/10 3\LUC/nanummj/m/n/10/cc ( \LUC/nanummj/m/n/10/c7 t\LUC/nanummj/m/n/10/c
0 ¡\LUC/nanummj/m/n/10/c7 X \LUC/nanummj/m/n/10/d5 m\LUC/nanummj/m/n/10/b9 Ã \L
UC/nanummj/m/n/10/ac ^^@\LUC/nanummj/m/n/10/c9 ¿\LUC/nanummj/m/n/10/b2 î ‰\LUC/
nanummj/m/n/10/d5 m\LUC/nanummj/m/n/10/c2 ›\LUC/nanummj/m/n/10/c7 t\LUC/nanummj
/m/n/10/b2 ‰\T1/cmr/m/n/10 .) \LUC/nanummj/m/n/10/c6 –\LUC/nanummj/m/n/10/c8 ^^
P\LUC/nanummj/m/n/10/c5 –\LUC/nanummj/m/n/10/c1 ^^\ \LUC/nanummj/m/n/10/c7 t\LU
C/nanummj/m/n/10/b9 | \LUC/nanummj/m/n/10/bd Ä\LUC/nanummj/m/n/10/d4 Ä\LUC/nanu
mmj/m/n/10/b9 ¨\LUC/nanummj/m/n/10/c7 ê\T1/cmr/m/n/10 . $\OML/cmm/m/it/10 g\OT1
/cmr/m/n/10 (\OML/cmm/m/it/10 x; u\OT1/cmr/m/n/10 ) = \OML/cmm/m/it/10 x[]f[]\O
T1/cmr/m/n/10 (\OML/cmm/m/it/10 x; xu\OT1/cmr/m/n/10 )$
 []


Underfull \hbox (badness 10000) in paragraph at lines 1055--1072

 []

[150]
Underfull \hbox (badness 10000) in paragraph at lines 1082--1097

 []


Underfull \vbox (badness 1184) has occurred while \output is active []

 [151]
[152] [153]
Underfull \hbox (badness 10000) in paragraph at lines 1317--1321

 []


Underfull \hbox (badness 10000) in paragraph at lines 1324--1335

 []

[154]
Underfull \vbox (badness 10000) has occurred while \output is active []

 [155]
Underfull \hbox (badness 10000) in paragraph at lines 1390--1401

 []


Underfull \hbox (badness 10000) in paragraph at lines 1431--1443

 []


Underfull \hbox (badness 10000) in paragraph at lines 1443--1463

 []

[156]
Underfull \hbox (badness 10000) in paragraph at lines 1463--1486

 []


Underfull \hbox (badness 10000) in paragraph at lines 1486--1499

 []


Underfull \hbox (badness 10000) in paragraph at lines 1499--1508

 []


Underfull \hbox (badness 10000) in paragraph at lines 1508--1542

 []


Underfull \vbox (badness 10000) has occurred while \output is active []

 [157]
Underfull \hbox (badness 10000) in paragraph at lines 1542--1552

 []


Underfull \hbox (badness 10000) in paragraph at lines 1552--1566

 []


Underfull \vbox (badness 10000) has occurred while \output is active []

 [158]
Underfull \hbox (badness 10000) in paragraph at lines 1606--1618

 []


Underfull \hbox (badness 10000) in paragraph at lines 1624--1647

 []


Overfull \hbox (21.52432pt too wide) in paragraph at lines 1624--1647
\OML/cmm/m/it/10 f[]f[]\U/rsfs/m/n/10 F$\LUC/nanummj/m/n/10/b2 î $\OML/cmm/m/it
/10 U \OMS/cmsy/m/n/10 7! [][] \U/rsfs/m/n/10 F\OT1/cmr/m/n/10 (\OML/cmm/m/it/1
0 f[]\OT1/cmr/m/n/10 (\OML/cmm/m/it/10 V\OT1/cmr/m/n/10 ))$\LUC/nanummj/m/n/10/
c5 – \LUC/nanummj/m/n/10/ad ^^@\LUC/nanummj/m/n/10/b4 ^^\ \LUC/nanummj/m/n/10/
ce 5\LUC/nanummj/m/n/10/c7 t\LUC/nanummj/m/n/10/b2 ‰\T1/cmr/m/n/10 . \LUC/nanum
mj/m/n/10/c9 ¡\LUC/nanummj/m/n/10/c8 ^^Q\LUC/nanummj/m/n/10/ad ˘\LUC/nanummj/m/
n/10/d5 \\LUC/nanummj/m/n/10/c7 X \LUC/nanummj/m/n/10/c1 1\LUC/nanummj/m/n/10/c
9 »\LUC/nanummj/m/n/10/c5 – \LUC/nanummj/m/n/10/c7 X\LUC/nanummj/m/n/10/d5 t \L
UC/nanummj/m/n/10/c8 ^^\\LUC/nanummj/m/n/10/d5 \h\LUC/nanummj/m/n/10/c2 ^^X $\U
/rsfs/m/n/10 F\OT1/cmr/m/n/10 (\OML/cmm/m/it/10 f[]\OT1/cmr/m/n/10 (\OML/cmm/m/
it/10 V\OT1/cmr/m/n/10 )) \OMS/cmsy/m/n/10 !
 []

[159] [160] [161]
Underfull \hbox (badness 10000) in paragraph at lines 1778--1800

 []


Underfull \hbox (badness 10000) in paragraph at lines 1778--1800

 []


Underfull \hbox (badness 10000) in paragraph at lines 1802--1804

 []


Underfull \hbox (badness 10000) in paragraph at lines 1821--1825

 []


Underfull \hbox (badness 10000) in paragraph at lines 1828--1837

 []

[162]
Underfull \hbox (badness 10000) in paragraph at lines 1837--1845

 []


Overfull \hbox (2.48135pt too wide) in paragraph at lines 1858--1885
\LUC/nanummj/m/n/10/ac ^^@\LUC/nanummj/m/n/10/b2 •\LUC/nanummj/m/n/10/d5 X\LUC/
nanummj/m/n/10/b2 ‰\T1/cmr/m/n/10 . [AM, Corol-lary 3.4]) $\OML/cmm/m/it/10 X$\
LUC/nanummj/m/n/10/ac ^^@ \LUC/nanummj/m/n/10/ad m\LUC/nanummj/m/n/10/c1 å\LUC/
nanummj/m/n/10/d6 X \LUC/nanummj/m/n/10/b2 Ï\LUC/nanummj/m/n/10/b9 ∞ \LUC/nanum
mj/m/n/10/ac ı^^D\LUC/nanummj/m/n/10/c7 t\LUC/nanummj/m/n/10/bb ¿\LUC/nanummj/m
/n/10/b8 \ $\OMS/cmsy/m/n/10 O[]$\LUC/nanummj/m/n/10/b2 î \LUC/nanummj/m/n/10/a
d m\LUC/nanummj/m/n/10/c1 å\LUC/nanummj/m/n/10/d6 X\LUC/nanummj/m/n/10/c7 t\LUC
/nanummj/m/n/10/ba p \LUC/nanummj/m/n/10/b5 0\LUC/nanummj/m/n/10/b7 |\LUC/nanum
mj/m/n/10/c1 ^^\ $\OT1/cmr/m/n/10 ((\OMS/cmsy/m/n/10 O[]\OT1/cmr/m/n/10 )[])[] 
[]
 []


Overfull \hbox (10.62303pt too wide) in paragraph at lines 1858--1885
\OMS/cmsy/m/n/10 O[]\OML/cmm/m/it/10 = []\OT1/cmr/m/n/10 (\OMS/cmsy/m/n/10 O[]\
OT1/cmr/m/n/10 )$\LUC/nanummj/m/n/10/b3 ƒ \LUC/nanummj/m/n/10/ad m\LUC/nanummj/
m/n/10/c1 å\LUC/nanummj/m/n/10/d6 X\LUC/nanummj/m/n/10/c7 t\LUC/nanummj/m/n/10/
b2 ‰\T1/cmr/m/n/10 . \LUC/nanummj/m/n/10/c9 ^^@\LUC/nanummj/m/n/10/ce 5\LUC/nan
ummj/m/n/10/ac ¸ \LUC/nanummj/m/n/10/d5 t\LUC/nanummj/m/n/10/b2 ˘ \LUC/nanummj/
m/n/10/c9 ^^@\LUC/nanummj/m/n/10/ce 5\LUC/nanummj/m/n/10/c5 – \LUC/nanummj/m/n
/10/ad ^^@\LUC/nanummj/m/n/10/b4 ^^\ \LUC/nanummj/m/n/10/ce 5\LUC/nanummj/m/n/1
0/c5 –\LUC/nanummj/m/n/10/c1 ^^\\LUC/nanummj/m/n/10/c7 X \LUC/nanummj/m/n/10/c9
 ^^D\LUC/nanummj/m/n/10/ae 0\LUC/nanummj/m/n/10/b2 î \LUC/nanummj/m/n/10/c1 ^^\
\LUC/nanummj/m/n/10/b8 \ \LUC/nanummj/m/n/10/ac ^^Y\LUC/nanummj/m/n/10/c7 <\LUC
/nanummj/m/n/10/bb ¿\LUC/nanummj/m/n/10/b8 \ $\OT1/cmr/m/n/10 (\OML/cmm/m/it/10
 X; \OT1/cmr/m/n/10 (\OMS/cmsy/m/n/10 O[]\OT1/cmr/m/n/10 )[])$
 []


Underfull \hbox (badness 10000) in paragraph at lines 1889--1907

 []

[163]
Underfull \hbox (badness 10000) in paragraph at lines 1907--1918

 []


Underfull \hbox (badness 10000) in paragraph at lines 1918--1928

 []


Underfull \hbox (badness 10000) in paragraph at lines 1928--1947

 []


Underfull \hbox (badness 10000) in paragraph at lines 1947--1971

 []


Underfull \vbox (badness 10000) has occurred while \output is active []

 [164]
Underfull \hbox (badness 10000) in paragraph at lines 1971--1980

 []


Underfull \hbox (badness 10000) in paragraph at lines 1980--1992

 []


Underfull \hbox (badness 10000) in paragraph at lines 1992--2000

 []


Overfull \hbox (2.10834pt too wide) in paragraph at lines 1992--2000
\LUC/nanummj/m/n/10/c5 Ï\LUC/nanummj/m/n/10/b9 X\LUC/nanummj/m/n/10/cc ¥\LUC/na
nummj/m/n/10/b2 î \LUC/nanummj/m/n/10/c7  \LUC/nanummj/m/n/10/b9 ¨\LUC/nanummj/
m/n/10/d5 h\LUC/nanummj/m/n/10/c2 ^^X\LUC/nanummj/m/n/10/cc ¥ $\U/msb/m/n/10 F[
]\OT1/cmr/m/n/10 (\OML/cmm/m/it/10 x\OT1/cmr/m/n/10 )$\LUC/nanummj/m/n/10/c7 t\
LUC/nanummj/m/n/10/b2 ‰\T1/cmr/m/n/10 . $\OML/cmm/m/it/10 n$\LUC/nanummj/m/n/10
/cc (\LUC/nanummj/m/n/10/b2 ‰\LUC/nanummj/m/n/10/d5 m\LUC/nanummj/m/n/10/c2 ›\L
UC/nanummj/m/n/10/c5 – \LUC/nanummj/m/n/10/b3 ^^@\LUC/nanummj/m/n/10/c7 Q\LUC/n
anummj/m/n/10/b4 ^^X\LUC/nanummj/m/n/10/b2 î \LUC/nanummj/m/n/10/c8 ^^P\LUC/nan
ummj/m/n/10/c5 –\LUC/nanummj/m/n/10/c1 ^^\\LUC/nanummj/m/n/10/c7 X â\LUC/nanumm
j/m/n/10/c5 Ï\LUC/nanummj/m/n/10/b9 X\LUC/nanummj/m/n/10/cc ¥\LUC/nanummj/m/n/1
0/b2 î $\OT1/cmr/m/n/10 (\U/msb/m/n/10 F[]\OT1/cmr/m/n/10 [\OML/cmm/m/it/10 x\O
T1/cmr/m/n/10 ])[]\OML/cmm/m/it/10 =f\OT1/cmr/m/n/10 (\U/msb/m/n/10 F[]\OT1/cmr
/m/n/10 [\OML/cmm/m/it/10 x\OT1/cmr/m/n/10 ])[] []
 []


Underfull \hbox (badness 10000) in paragraph at lines 2002--2026

 []


Underfull \vbox (badness 5756) has occurred while \output is active []

 [165]
Underfull \vbox (badness 10000) has occurred while \output is active []

 [166]
[167]
Underfull \vbox (badness 10000) has occurred while \output is active []

 [168]
Underfull \hbox (badness 10000) in paragraph at lines 2245--2246

 []


Overfull \hbox (5.74883pt too wide) in paragraph at lines 2253--2261
\T1/cmr/m/n/10 Sol) (i) $\OMS/cmsy/m/n/10 )$ \T1/cmr/m/n/10 (iii) $[] \OML/cmm/
m/it/10 A$\LUC/nanummj/m/n/10/ac ^^@ \LUC/nanummj/m/n/10/be D\LUC/nanummj/m/n/1
0/c5 \LUC/nanummj/m/n/10/ac ∞\LUC/nanummj/m/n/10/c7 t\LUC/nanummj/m/n/10/ba t 
\LUC/nanummj/m/n/10/bd Ñ\LUC/nanummj/m/n/10/b9 ¨ $[] \OML/cmm/m/it/10 A \OT1/cm
r/m/n/10 = \OML/cmm/m/it/10 V\OT1/cmr/m/n/10 (\OML/cmm/m/it/10 I\OT1/cmr/m/n/10
 ) \OMS/cmsy/m/n/10 [ \OML/cmm/m/it/10 V\OT1/cmr/m/n/10 (\OML/cmm/m/it/10 J\OT1
/cmr/m/n/10 )$\LUC/nanummj/m/n/10/ac ^^@ \LUC/nanummj/m/n/10/c8 t\LUC/nanummj/m
/n/10/c7 ¨\LUC/nanummj/m/n/10/d5 \\LUC/nanummj/m/n/10/b2 ‰\T1/cmr/m/n/10 . $\OM
L/cmm/m/it/10 V\OT1/cmr/m/n/10 (\OML/cmm/m/it/10 I\OT1/cmr/m/n/10 ) [] [] \OML/
cmm/m/it/10 A=I; V\OT1/cmr/m/n/10 (\OML/cmm/m/it/10 J\OT1/cmr/m/n/10 ) []
 []


Overfull \hbox (4.71652pt too wide) in paragraph at lines 2253--2261
[] \OML/cmm/m/it/10 A=J$\LUC/nanummj/m/n/10/c7 t\LUC/nanummj/m/n/10/ba p \LUC/n
anummj/m/n/10/c7 t\LUC/nanummj/m/n/10/b4 ‰\LUC/nanummj/m/n/10/c7 t \LUC/nanummj
/m/n/10/c1 ^^\\LUC/nanummj/m/n/10/b8 \ \LUC/nanummj/m/n/10/c1 å\LUC/nanummj/m/n
/10/c7 t\LUC/nanummj/m/n/10/bb ¿\LUC/nanummj/m/n/10/b8 \ $[] \OML/cmm/m/it/10 A
 \OT1/cmr/m/n/10 = [] \OML/cmm/m/it/10 A=I \OMS/cmsy/m/n/10 q [] \OML/cmm/m/it/
10 A=J$\LUC/nanummj/m/n/10/c7 t\LUC/nanummj/m/n/10/b2 ‰\T1/cmr/m/n/10 . (Ex. 2.
12) \LUC/nanummj/m/n/10/c7 t\LUC/nanummj/m/n/10/b2 î $[]\OT1/cmr/m/n/10 ((\OML/
cmm/m/it/10 A=I\OT1/cmr/m/n/10 ) \OMS/cmsy/m/n/10 ^^B
 []


Underfull \hbox (badness 10000) in paragraph at lines 2286--2290

 []

[169]
Underfull \hbox (badness 10000) in paragraph at lines 2294--2315

 []


Underfull \hbox (badness 10000) in paragraph at lines 2315--2328

 []


Underfull \vbox (badness 5711) has occurred while \output is active []

 [170]
Underfull \hbox (badness 10000) in paragraph at lines 2345--2365

 []


Underfull \hbox (badness 10000) in paragraph at lines 2405--2413

 []

[171]
Underfull \hbox (badness 10000) in paragraph at lines 2413--2449

 []


Underfull \hbox (badness 10000) in paragraph at lines 2449--2482

 []


Underfull \vbox (badness 10000) has occurred while \output is active []

 [172]
[173] [174]
Overfull \hbox (7.58162pt too wide) in paragraph at lines 2630--2664
\T1/cmr/m/n/10 (f) \LUC/nanummj/m/n/10/c8 ^^D^^\p\LUC/nanummj/m/n/10/ac t\LUC/n
anummj/m/n/10/c7 t \LUC/nanummj/m/n/10/c1 1\LUC/nanummj/m/n/10/b9 Ω\LUC/nanummj
/m/n/10/d5 \\LUC/nanummj/m/n/10/b2 ‰ \LUC/nanummj/m/n/10/d5 X\LUC/nanummj/m/n/1
0/c7 ê\T1/cmr/m/n/10 . \LUC/nanummj/m/n/10/c7 ÑXX \LUC/nanummj/m/n/10/ac ı\LUC/
nanummj/m/n/10/c9 —\LUC/nanummj/m/n/10/d5 i\LUC/nanummj/m/n/10/c7 t \LUC/nanumm
j/m/n/10/c5 D\LUC/nanummj/m/n/10/b2 Ã \LUC/nanummj/m/n/10/c5 D\LUC/nanummj/m/n/
10/d5 @ \LUC/nanummj/m/n/10/c5 Ù\LUC/nanummj/m/n/10/b9 ∞\LUC/nanummj/m/n/10/c9 
—\LUC/nanummj/m/n/10/d5 i $[] \OML/cmm/m/it/10 C \OMS/cmsy/m/n/10 ^^R \OML/cmm/
m/it/10 Z; [] B \OMS/cmsy/m/n/10 ^^R \OML/cmm/m/it/10 g[]\OT1/cmr/m/n/10 ([] \O
ML/cmm/m/it/10 C\OT1/cmr/m/n/10 )$\T1/cmr/m/n/10 ,
 []


Underfull \vbox (badness 10000) has occurred while \output is active []

 [175]
Underfull \hbox (badness 10000) in paragraph at lines 2664--2671

 []


Underfull \hbox (badness 10000) in paragraph at lines 2673--2674

 []


Underfull \hbox (badness 10000) in paragraph at lines 2678--2679

 []


Underfull \hbox (badness 10000) in paragraph at lines 2680--2681

 []


Underfull \hbox (badness 10000) in paragraph at lines 2684--2685

 []


Underfull \hbox (badness 10000) in paragraph at lines 2712--2722

 []


Underfull \vbox (badness 10000) has occurred while \output is active []

 [176]
Underfull \vbox (badness 10000) has occurred while \output is active []

 [177]
Underfull \hbox (badness 10000) in paragraph at lines 2819--2828

 []


Underfull \hbox (badness 10000) in paragraph at lines 2819--2828

 []


Underfull \vbox (badness 10000) has occurred while \output is active []

 [178]
Underfull \hbox (badness 10000) in paragraph at lines 2851--2854

 []


Underfull \hbox (badness 10000) in paragraph at lines 2857--2862

 []


Underfull \hbox (badness 10000) in paragraph at lines 2875--2877

 []


Underfull \hbox (badness 10000) in paragraph at lines 2890--2896

 []


Underfull \hbox (badness 10000) in paragraph at lines 2896--2903

 []


Underfull \hbox (badness 10000) in paragraph at lines 2903--2908

 []


Underfull \hbox (badness 10000) in paragraph at lines 2908--2916

 []

[179] [180] [181]
Underfull \hbox (badness 10000) in paragraph at lines 3029--3034

 []


Underfull \hbox (badness 10000) in paragraph at lines 3074--3079

 []


Underfull \hbox (badness 10000) in paragraph at lines 3079--3086

 []


Underfull \vbox (badness 10000) has occurred while \output is active []

 [182]
Underfull \hbox (badness 10000) in paragraph at lines 3088--3101

 []


Underfull \hbox (badness 10000) in paragraph at lines 3122--3125

 []

[183]
Underfull \hbox (badness 10000) in paragraph at lines 3165--3170

 []

[184]
Underfull \hbox (badness 10000) in paragraph at lines 3249--3263

 []


Underfull \vbox (badness 3601) has occurred while \output is active []

 [185]
Underfull \vbox (badness 10000) has occurred while \output is active []

 [186]
[187]
Overfull \hbox (5.03094pt too wide) in paragraph at lines 3454--3462
\OML/cmm/m/it/10 M[]=M[] [] \OT1/cmr/m/n/10 (\OML/cmm/m/it/10 S=\U/euf/m/n/10 p
[]\OT1/cmr/m/n/10 )(\OML/cmm/m/it/10 n[]\OT1/cmr/m/n/10 )$\LUC/nanummj/m/n/10/b
9 | Ã\LUC/nanummj/m/n/10/c8 q\LUC/nanummj/m/n/10/c2 ‹\LUC/nanummj/m/n/10/d0 ®\L
UC/nanummj/m/n/10/b2 ‰\T1/cmr/m/n/10 . $\OML/cmm/m/it/10 i$\LUC/nanummj/m/n/10/
c5 – \LUC/nanummj/m/n/10/b3 ^^@\LUC/nanummj/m/n/10/d5 \ \LUC/nanummj/m/n/10/ad 
¿\LUC/nanummj/m/n/10/b0 ©\LUC/nanummj/m/n/10/bc ï\LUC/nanummj/m/n/10/c7 D \LUC/
nanummj/m/n/10/c0 ¨\LUC/nanummj/m/n/10/c6 ©\LUC/nanummj/m/n/10/d5 X\LUC/nanummj
/m/n/10/c5 Ï \LUC/nanummj/m/n/10/b4 Ò\LUC/nanummj/m/n/10/ae 	 $\OML/cmm/m/it/10
 d \OMS/cmsy/m/n/10 ^^U \OML/cmm/m/it/10 d[]$\LUC/nanummj/m/n/10/c5 –\LUC/nanum
mj/m/n/10/c1 ^^\ $\OML/cmm/m/it/10 M[] [] \OT1/cmr/m/n/10 ^^@(\OML/cmm/m/it/10 
X; []\OT1/cmr/m/n/10 (\OML/cmm/m/it/10 d\OT1/cmr/m/n/10 ))$
 []

[188]
Underfull \hbox (badness 10000) in paragraph at lines 3522--3536

 []


Underfull \vbox (badness 10000) has occurred while \output is active []

 [189]
Overfull \hbox (6.1186pt too wide) in paragraph at lines 3573--3581
$\OMS/cmsy/m/n/10 O[]\OT1/cmr/m/n/10 (1) = []$\LUC/nanummj/m/n/10/c7 t\LUC/nanu
mmj/m/n/10/bb ¿\LUC/nanummj/m/n/10/b8 \ $\OMS/cmsy/m/n/10 O[]\OT1/cmr/m/n/10 (1
)\OMS/cmsy/m/n/10 j[] \OT1/cmr/m/n/10 = []$\LUC/nanummj/m/n/10/c7 t\LUC/nanummj
/m/n/10/ba p $\OML/cmm/m/it/10 p[]\OT1/cmr/m/n/10 (\OMS/cmsy/m/n/10 O[]\OT1/cmr
/m/n/10 (1)\OMS/cmsy/m/n/10 j[]\OT1/cmr/m/n/10 )$\LUC/nanummj/m/n/10/c7 @ $\OML
/cmm/m/it/10 S\OT1/cmr/m/n/10 (1)[] \OMS/cmsy/m/n/10 
[] \OT1/cmr/m/n/10 (\OML/cmm/m/it/10 S \OMS/cmsy/m/n/10 ^^B[] \OML/cmm/m/it/10 
T\OT1/cmr/m/n/10 )[]$
 []

[190] [191]
Underfull \hbox (badness 10000) in paragraph at lines 3696--3723

 []

[192] [193]
Underfull \hbox (badness 10000) in paragraph at lines 3810--3831

 []

[194]
Underfull \vbox (badness 10000) has occurred while \output is active []

 [195]
[196]
Underfull \hbox (badness 10000) in paragraph at lines 3991--4008

 []


Underfull \vbox (badness 10000) has occurred while \output is active []

 [197]
[198]
Overfull \hbox (11.49084pt too wide) in paragraph at lines 4155--4156
[]\LUC/nanummj/m/n/10/b9 Ã\LUC/nanummj/m/n/10/c5 } $\U/rsfs/m/n/10 F$\LUC/nanum
mj/m/n/10/ac ^^@ \LUC/nanummj/bx/n/10/be D\LUC/nanummj/bx/n/10/d2 ¿\LUC/nanummj
/bx/n/10/b9 º \LUC/nanummj/bx/n/10/ce 5\T1/cmr/bx/n/10 (tor-sion sheaf)\T1/cmr/
m/n/10 (\LUC/nanummj/m/n/10/c7 |\LUC/nanummj/m/n/10/bc ^^X\LUC/nanummj/m/n/10/c
8 ^^P\LUC/nanummj/m/n/10/c5 –\LUC/nanummj/m/n/10/c1 ^^\\LUC/nanummj/m/n/10/c7 X
 \LUC/nanummj/m/n/10/c9 ^^D\LUC/nanummj/m/n/10/ae 0\LUC/nanummj/m/n/10/ac ^^@ \
T1/cmr/m/n/10 0\LUC/nanummj/m/n/10/c7 x \LUC/nanummj/m/n/10/ce 5\T1/cmr/m/n/10 
)\LUC/nanummj/m/n/10/c7 t\LUC/nanummj/m/n/10/ba t $[] \U/rsfs/m/n/10 F \OT1/cmr
/m/n/10 = [][] [](\U/rsfs/m/n/10 F[]\OT1/cmr/m/n/10 )$
 []

[199] [200]
Underfull \vbox (badness 10000) has occurred while \output is active []

 [201])
[202] (./Hartshorne_AG.aux (./AG_ch_1.aux) (./AG_ch_2.aux) (./AG_ch_3.aux)
(./AG_Solution.aux))

LaTeX Font Warning: Some font shapes were not available, defaults substituted.

 ) 
Here is how much of TeX's memory you used:
 18861 strings out of 494547
 376134 string characters out of 6176901
 424005 words of memory out of 5000000
 21894 multiletter control sequences out of 15000+600000
 121792 words of font info for 381 fonts, out of 8000000 for 9000
 36 hyphenation exceptions out of 8191
 61i,20n,82p,778b,1253s stack positions out of 5000i,500n,10000p,200000b,80000s
{c:/texlive/2018/texmf-dist/fonts/enc/dvips/cm-super/cm-super-t1.enc}<c:/texl
ive/2018/texmf-dist/fonts/type1/public/amsfonts/cm/cmbx10.pfb><c:/texlive/2018/
texmf-dist/fonts/type1/public/amsfonts/cm/cmbx12.pfb><c:/texlive/2018/texmf-dis
t/fonts/type1/public/amsfonts/cm/cmex10.pfb><c:/texlive/2018/texmf-dist/fonts/t
ype1/public/amsfonts/cmextra/cmex7.pfb><c:/texlive/2018/texmf-dist/fonts/type1/
public/amsfonts/cm/cmmi10.pfb><c:/texlive/2018/texmf-dist/fonts/type1/public/am
sfonts/cm/cmmi12.pfb><c:/texlive/2018/texmf-dist/fonts/type1/public/amsfonts/cm
/cmmi5.pfb><c:/texlive/2018/texmf-dist/fonts/type1/public/amsfonts/cm/cmmi7.pfb
><c:/texlive/2018/texmf-dist/fonts/type1/public/amsfonts/cm/cmmi8.pfb><c:/texli
ve/2018/texmf-dist/fonts/type1/public/amsfonts/cm/cmr10.pfb><c:/texlive/2018/te
xmf-dist/fonts/type1/public/amsfonts/cm/cmr12.pfb><c:/texlive/2018/texmf-dist/f
onts/type1/public/amsfonts/cm/cmr5.pfb><c:/texlive/2018/texmf-dist/fonts/type1/
public/amsfonts/cm/cmr7.pfb><c:/texlive/2018/texmf-dist/fonts/type1/public/amsf
onts/cm/cmss10.pfb><c:/texlive/2018/texmf-dist/fonts/type1/public/amsfonts/cm/c
msy10.pfb><c:/texlive/2018/texmf-dist/fonts/type1/public/amsfonts/cm/cmsy5.pfb>
<c:/texlive/2018/texmf-dist/fonts/type1/public/amsfonts/cm/cmsy7.pfb><c:/texliv
e/2018/texmf-dist/fonts/type1/public/amsfonts/euler/eufm10.pfb><c:/texlive/2018
/texmf-dist/fonts/type1/public/amsfonts/euler/eufm5.pfb><c:/texlive/2018/texmf-
dist/fonts/type1/public/amsfonts/euler/eufm7.pfb><c:/texlive/2018/texmf-dist/fo
nts/type1/public/amsfonts/symbols/msam10.pfb><c:/texlive/2018/texmf-dist/fonts/
type1/public/amsfonts/symbols/msbm10.pfb><c:/texlive/2018/texmf-dist/fonts/type
1/public/amsfonts/symbols/msbm5.pfb><c:/texlive/2018/texmf-dist/fonts/type1/pub
lic/amsfonts/symbols/msbm7.pfb><c:/texlive/2018/texmf-dist/fonts/type1/public/n
anumtype1/nanummjbac.pfb><c:/texlive/2018/texmf-dist/fonts/type1/public/nanumty
pe1/nanummjbad.pfb><c:/texlive/2018/texmf-dist/fonts/type1/public/nanumtype1/na
nummjbae.pfb><c:/texlive/2018/texmf-dist/fonts/type1/public/nanumtype1/nanummjb
af.pfb><c:/texlive/2018/texmf-dist/fonts/type1/public/nanumtype1/nanummjbb0.pfb
><c:/texlive/2018/texmf-dist/fonts/type1/public/nanumtype1/nanummjbb1.pfb><c:/t
exlive/2018/texmf-dist/fonts/type1/public/nanumtype1/nanummjbb2.pfb><c:/texlive
/2018/texmf-dist/fonts/type1/public/nanumtype1/nanummjbb3.pfb><c:/texlive/2018/
texmf-dist/fonts/type1/public/nanumtype1/nanummjbb4.pfb><c:/texlive/2018/texmf-
dist/fonts/type1/public/nanumtype1/nanummjbb5.pfb><c:/texlive/2018/texmf-dist/f
onts/type1/public/nanumtype1/nanummjbb7.pfb><c:/texlive/2018/texmf-dist/fonts/t
ype1/public/nanumtype1/nanummjbb8.pfb><c:/texlive/2018/texmf-dist/fonts/type1/p
ublic/nanumtype1/nanummjbb9.pfb><c:/texlive/2018/texmf-dist/fonts/type1/public/
nanumtype1/nanummjbba.pfb><c:/texlive/2018/texmf-dist/fonts/type1/public/nanumt
ype1/nanummjbbb.pfb><c:/texlive/2018/texmf-dist/fonts/type1/public/nanumtype1/n
anummjbbc.pfb><c:/texlive/2018/texmf-dist/fonts/type1/public/nanumtype1/nanummj
bbd.pfb><c:/texlive/2018/texmf-dist/fonts/type1/public/nanumtype1/nanummjbbe.pf
b><c:/texlive/2018/texmf-dist/fonts/type1/public/nanumtype1/nanummjbbf.pfb><c:/
texlive/2018/texmf-dist/fonts/type1/public/nanumtype1/nanummjbc0.pfb><c:/texliv
e/2018/texmf-dist/fonts/type1/public/nanumtype1/nanummjbc1.pfb><c:/texlive/2018
/texmf-dist/fonts/type1/public/nanumtype1/nanummjbc2.pfb><c:/texlive/2018/texmf
-dist/fonts/type1/public/nanumtype1/nanummjbc3.pfb><c:/texlive/2018/texmf-dist/
fonts/type1/public/nanumtype1/nanummjbc5.pfb><c:/texlive/2018/texmf-dist/fonts/
type1/public/nanumtype1/nanummjbc6.pfb><c:/texlive/2018/texmf-dist/fonts/type1/
public/nanumtype1/nanummjbc7.pfb><c:/texlive/2018/texmf-dist/fonts/type1/public
/nanumtype1/nanummjbc8.pfb><c:/texlive/2018/texmf-dist/fonts/type1/public/nanum
type1/nanummjbc9.pfb><c:/texlive/2018/texmf-dist/fonts/type1/public/nanumtype1/
nanummjbcc.pfb><c:/texlive/2018/texmf-dist/fonts/type1/public/nanumtype1/nanumm
jbcd.pfb><c:/texlive/2018/texmf-dist/fonts/type1/public/nanumtype1/nanummjbce.p
fb><c:/texlive/2018/texmf-dist/fonts/type1/public/nanumtype1/nanummjbcf.pfb><c:
/texlive/2018/texmf-dist/fonts/type1/public/nanumtype1/nanummjbd0.pfb><c:/texli
ve/2018/texmf-dist/fonts/type1/public/nanumtype1/nanummjbd1.pfb><c:/texlive/201
8/texmf-dist/fonts/type1/public/nanumtype1/nanummjbd2.pfb><c:/texlive/2018/texm
f-dist/fonts/type1/public/nanumtype1/nanummjbd3.pfb><c:/texlive/2018/texmf-dist
/fonts/type1/public/nanumtype1/nanummjbd4.pfb><c:/texlive/2018/texmf-dist/fonts
/type1/public/nanumtype1/nanummjbd5.pfb><c:/texlive/2018/texmf-dist/fonts/type1
/public/nanumtype1/nanummjbd6.pfb><c:/texlive/2018/texmf-dist/fonts/type1/publi
c/nanumtype1/nanummjbd7.pfb><c:/texlive/2018/texmf-dist/fonts/type1/public/nanu
mtype1/nanummjmac.pfb><c:/texlive/2018/texmf-dist/fonts/type1/public/nanumtype1
/nanummjmac.pfb><c:/texlive/2018/texmf-dist/fonts/type1/public/nanumtype1/nanum
mjmad.pfb><c:/texlive/2018/texmf-dist/fonts/type1/public/nanumtype1/nanummjmad.
pfb><c:/texlive/2018/texmf-dist/fonts/type1/public/nanumtype1/nanummjmae.pfb><c
:/texlive/2018/texmf-dist/fonts/type1/public/nanumtype1/nanummjmae.pfb><c:/texl
ive/2018/texmf-dist/fonts/type1/public/nanumtype1/nanummjmaf.pfb><c:/texlive/20
18/texmf-dist/fonts/type1/public/nanumtype1/nanummjmb0.pfb><c:/texlive/2018/tex
mf-dist/fonts/type1/public/nanumtype1/nanummjmb0.pfb><c:/texlive/2018/texmf-dis
t/fonts/type1/public/nanumtype1/nanummjmb1.pfb><c:/texlive/2018/texmf-dist/font
s/type1/public/nanumtype1/nanummjmb2.pfb><c:/texlive/2018/texmf-dist/fonts/type
1/public/nanumtype1/nanummjmb2.pfb><c:/texlive/2018/texmf-dist/fonts/type1/publ
ic/nanumtype1/nanummjmb3.pfb><c:/texlive/2018/texmf-dist/fonts/type1/public/nan
umtype1/nanummjmb3.pfb><c:/texlive/2018/texmf-dist/fonts/type1/public/nanumtype
1/nanummjmb4.pfb><c:/texlive/2018/texmf-dist/fonts/type1/public/nanumtype1/nanu
mmjmb4.pfb><c:/texlive/2018/texmf-dist/fonts/type1/public/nanumtype1/nanummjmb5
.pfb><c:/texlive/2018/texmf-dist/fonts/type1/public/nanumtype1/nanummjmb6.pfb><
c:/texlive/2018/texmf-dist/fonts/type1/public/nanumtype1/nanummjmb7.pfb><c:/tex
live/2018/texmf-dist/fonts/type1/public/nanumtype1/nanummjmb7.pfb><c:/texlive/2
018/texmf-dist/fonts/type1/public/nanumtype1/nanummjmb8.pfb><c:/texlive/2018/te
xmf-dist/fonts/type1/public/nanumtype1/nanummjmb8.pfb><c:/texlive/2018/texmf-di
st/fonts/type1/public/nanumtype1/nanummjmb9.pfb><c:/texlive/2018/texmf-dist/fon
ts/type1/public/nanumtype1/nanummjmb9.pfb><c:/texlive/2018/texmf-dist/fonts/typ
e1/public/nanumtype1/nanummjmba.pfb><c:/texlive/2018/texmf-dist/fonts/type1/pub
lic/nanumtype1/nanummjmba.pfb><c:/texlive/2018/texmf-dist/fonts/type1/public/na
numtype1/nanummjmbb.pfb><c:/texlive/2018/texmf-dist/fonts/type1/public/nanumtyp
e1/nanummjmbc.pfb><c:/texlive/2018/texmf-dist/fonts/type1/public/nanumtype1/nan
ummjmbc.pfb><c:/texlive/2018/texmf-dist/fonts/type1/public/nanumtype1/nanummjmb
d.pfb><c:/texlive/2018/texmf-dist/fonts/type1/public/nanumtype1/nanummjmbd.pfb>
<c:/texlive/2018/texmf-dist/fonts/type1/public/nanumtype1/nanummjmbe.pfb><c:/te
xlive/2018/texmf-dist/fonts/type1/public/nanumtype1/nanummjmbf.pfb><c:/texlive/
2018/texmf-dist/fonts/type1/public/nanumtype1/nanummjmc0.pfb><c:/texlive/2018/t
exmf-dist/fonts/type1/public/nanumtype1/nanummjmc0.pfb><c:/texlive/2018/texmf-d
ist/fonts/type1/public/nanumtype1/nanummjmc1.pfb><c:/texlive/2018/texmf-dist/fo
nts/type1/public/nanumtype1/nanummjmc1.pfb><c:/texlive/2018/texmf-dist/fonts/ty
pe1/public/nanumtype1/nanummjmc2.pfb><c:/texlive/2018/texmf-dist/fonts/type1/pu
blic/nanumtype1/nanummjmc2.pfb><c:/texlive/2018/texmf-dist/fonts/type1/public/n
anumtype1/nanummjmc3.pfb><c:/texlive/2018/texmf-dist/fonts/type1/public/nanumty
pe1/nanummjmc3.pfb><c:/texlive/2018/texmf-dist/fonts/type1/public/nanumtype1/na
nummjmc4.pfb><c:/texlive/2018/texmf-dist/fonts/type1/public/nanumtype1/nanummjm
c5.pfb><c:/texlive/2018/texmf-dist/fonts/type1/public/nanumtype1/nanummjmc5.pfb
><c:/texlive/2018/texmf-dist/fonts/type1/public/nanumtype1/nanummjmc6.pfb><c:/t
exlive/2018/texmf-dist/fonts/type1/public/nanumtype1/nanummjmc6.pfb><c:/texlive
/2018/texmf-dist/fonts/type1/public/nanumtype1/nanummjmc7.pfb><c:/texlive/2018/
texmf-dist/fonts/type1/public/nanumtype1/nanummjmc7.pfb><c:/texlive/2018/texmf-
dist/fonts/type1/public/nanumtype1/nanummjmc8.pfb><c:/texlive/2018/texmf-dist/f
onts/type1/public/nanumtype1/nanummjmc8.pfb><c:/texlive/2018/texmf-dist/fonts/t
ype1/public/nanumtype1/nanummjmc9.pfb><c:/texlive/2018/texmf-dist/fonts/type1/p
ublic/nanumtype1/nanummjmc9.pfb><c:/texlive/2018/texmf-dist/fonts/type1/public/
nanumtype1/nanummjmca.pfb><c:/texlive/2018/texmf-dist/fonts/type1/public/nanumt
ype1/nanummjmcc.pfb><c:/texlive/2018/texmf-dist/fonts/type1/public/nanumtype1/n
anummjmcc.pfb><c:/texlive/2018/texmf-dist/fonts/type1/public/nanumtype1/nanummj
mcd.pfb><c:/texlive/2018/texmf-dist/fonts/type1/public/nanumtype1/nanummjmce.pf
b><c:/texlive/2018/texmf-dist/fonts/type1/public/nanumtype1/nanummjmce.pfb><c:/
texlive/2018/texmf-dist/fonts/type1/public/nanumtype1/nanummjmcf.pfb><c:/texliv
e/2018/texmf-dist/fonts/type1/public/nanumtype1/nanummjmd0.pfb><c:/texlive/2018
/texmf-dist/fonts/type1/public/nanumtype1/nanummjmd0.pfb><c:/texlive/2018/texmf
-dist/fonts/type1/public/nanumtype1/nanummjmd1.pfb><c:/texlive/2018/texmf-dist/
fonts/type1/public/nanumtype1/nanummjmd2.pfb><c:/texlive/2018/texmf-dist/fonts/
type1/public/nanumtype1/nanummjmd3.pfb><c:/texlive/2018/texmf-dist/fonts/type1/
public/nanumtype1/nanummjmd4.pfb><c:/texlive/2018/texmf-dist/fonts/type1/public
/nanumtype1/nanummjmd4.pfb><c:/texlive/2018/texmf-dist/fonts/type1/public/nanum
type1/nanummjmd5.pfb><c:/texlive/2018/texmf-dist/fonts/type1/public/nanumtype1/
nanummjmd5.pfb><c:/texlive/2018/texmf-dist/fonts/type1/public/nanumtype1/nanumm
jmd6.pfb><c:/texlive/2018/texmf-dist/fonts/type1/public/nanumtype1/nanummjmd6.p
fb><c:/texlive/2018/texmf-dist/fonts/type1/public/nanumtype1/nanummjmd7.pfb><c:
/texlive/2018/texmf-dist/fonts/type1/public/nanumtype1/nanummjmd7.pfb><c:/texli
ve/2018/texmf-dist/fonts/type1/public/rsfs/rsfs10.pfb><c:/texlive/2018/texmf-di
st/fonts/type1/public/rsfs/rsfs7.pfb><c:/texlive/2018/texmf-dist/fonts/type1/pu
blic/cm-super/sfbx1000.pfb><c:/texlive/2018/texmf-dist/fonts/type1/public/cm-su
per/sfbx1200.pfb><c:/texlive/2018/texmf-dist/fonts/type1/public/cm-super/sfbx14
40.pfb><c:/texlive/2018/texmf-dist/fonts/type1/public/cm-super/sfbx1728.pfb><c:
/texlive/2018/texmf-dist/fonts/type1/public/cm-super/sfrm0600.pfb><c:/texlive/2
018/texmf-dist/fonts/type1/public/cm-super/sfrm0700.pfb><c:/texlive/2018/texmf-
dist/fonts/type1/public/cm-super/sfrm0800.pfb><c:/texlive/2018/texmf-dist/fonts
/type1/public/cm-super/sfrm1000.pfb><c:/texlive/2018/texmf-dist/fonts/type1/pub
lic/cm-super/sfrm1200.pfb><c:/texlive/2018/texmf-dist/fonts/type1/public/cm-sup
er/sfrm1728.pfb><c:/texlive/2018/texmf-dist/fonts/type1/public/cm-super/sfrm248
8.pfb><c:/texlive/2018/texmf-dist/fonts/type1/public/cm-super/sfss1728.pfb><c:/
texlive/2018/texmf-dist/fonts/type1/public/cm-super/sfti1000.pfb><c:/texlive/20
18/texmf-dist/fonts/type1/uhc/umj/umj24.pfb><c:/texlive/2018/texmf-dist/fonts/t
ype1/uhc/umj/umj35.pfb>
Output written on Hartshorne_AG.pdf (202 pages, 15283249 bytes).
PDF statistics:
 1286 PDF objects out of 1440 (max. 8388607)
 909 compressed objects within 10 object streams
 0 named destinations out of 1000 (max. 500000)
 63 words of extra memory for PDF output out of 10000 (max. 10000000)

